
An unexpected exception has been detected in native code outside the VM.
Unexpected Signal : EXCEPTION_ACCESS_VIOLATION occurred at PC=0x0
Function=[Unknown.]
Library=(N/A)

NOTE: We are unable to locate the function name symbol for the error
      just occurred. Please refer to release documentation for possible
      reason and solutions.


Current Java thread:
	at sun.jdbc.odbc.JdbcOdbc.driverConnect(Native Method)
	at sun.jdbc.odbc.JdbcOdbc.SQLDriverConnect(JdbcOdbc.java:3022)
	at sun.jdbc.odbc.JdbcOdbcConnection.initialize(JdbcOdbcConnection.java:323)
	at sun.jdbc.odbc.JdbcOdbcDriver.connect(JdbcOdbcDriver.java:174)
	- locked <02EF1418> (a sun.jdbc.odbc.JdbcOdbcDriver)
	at java.sql.DriverManager.getConnection(DriverManager.java:512)
	- locked <06B6DB68> (a java.lang.Class)
	at java.sql.DriverManager.getConnection(DriverManager.java:171)
	- locked <06B6DB68> (a java.lang.Class)
	at JavaBean.OperateDataBase.OperateDataBase.<init>(OperateDataBase.java:22)
	at JavaBean.ErrorManage.ErrorManage.SaveError(ErrorManage.java:71)
	at JavaBean.OperateDataBase.OperateDataBase.executeUpdate(OperateDataBase.java:54)
	at JavaBean.ErrorManage.ErrorManage.SaveError(ErrorManage.java:81)
	at JavaBean.OperateDataBase.OperateDataBase.executeUpdate(OperateDataBase.java:54)
	at JavaBean.ErrorManage.ErrorManage.SaveError(ErrorManage.java:81)
	at JavaBean.OperateDataBase.OperateDataBase.executeUpdate(OperateDataBase.java:54)
	at JavaBean.ErrorManage.ErrorManage.SaveError(ErrorManage.java:81)
	at JavaBean.OperateDataBase.OperateDataBase.executeUpdate(OperateDataBase.java:54)
	at JavaBean.ErrorManage.ErrorManage.SaveError(ErrorManage.java:81)
	at JavaBean.OperateDataBase.OperateDataBase.executeUpdate(OperateDataBase.java:54)
	at JavaBean.ErrorManage.ErrorManage.SaveError(ErrorManage.java:81)
	at JavaBean.OperateDataBase.OperateDataBase.executeUpdate(OperateDataBase.java:54)
	at JavaBean.ErrorManage.ErrorManage.SaveError(ErrorManage.java:81)
	at JavaBean.OperateDataBase.OperateDataBase.executeUpdate(OperateDataBase.java:54)
	at JavaBean.ErrorManage.ErrorManage.SaveError(ErrorManage.java:81)
	at JavaBean.OperateDataBase.OperateDataBase.executeUpdate(OperateDataBase.java:54)
	at JavaBean.ErrorManage.ErrorManage.SaveError(ErrorManage.java:81)
	at JavaBean.OperateDataBase.OperateDataBase.executeUpdate(OperateDataBase.java:54)
	at JavaBean.ErrorManage.ErrorManage.SaveError(ErrorManage.java:81)
	at JavaBean.OperateDataBase.OperateDataBase.executeUpdate(OperateDataBase.java:54)
	at JavaBean.ErrorManage.ErrorManage.SaveError(ErrorManage.java:81)
	at JavaBean.OperateDataBase.OperateDataBase.executeUpdate(OperateDataBase.java:54)
	at JavaBean.ErrorManage.ErrorManage.SaveError(ErrorManage.java:81)
	at JavaBean.OperateDataBase.OperateDataBase.executeUpdate(OperateDataBase.java:54)
	at JavaBean.ErrorManage.ErrorManage.SaveError(ErrorManage.java:81)
	at JavaBean.OperateDataBase.OperateDataBase.executeUpdate(OperateDataBase.java:54)
	at JavaBean.ErrorManage.ErrorManage.SaveError(ErrorManage.java:81)
	at JavaBean.OperateDataBase.OperateDataBase.executeUpdate(OperateDataBase.java:54)
	at JavaBean.ErrorManage.ErrorManage.SaveError(ErrorManage.java:81)
	at JavaBean.OperateDataBase.OperateDataBase.executeUpdate(OperateDataBase.java:54)
	at JavaBean.ErrorManage.ErrorManage.SaveError(ErrorManage.java:81)
	at JavaBean.OperateDataBase.OperateDataBase.executeUpdate(OperateDataBase.java:54)
	at JavaBean.ErrorManage.ErrorManage.SaveError(ErrorManage.java:81)
	at JavaBean.OperateDataBase.OperateDataBase.executeUpdate(OperateDataBase.java:54)
	at JavaBean.ErrorManage.ErrorManage.SaveError(ErrorManage.java:81)
	at JavaBean.OperateDataBase.OperateDataBase.executeUpdate(OperateDataBase.java:54)
	at JavaBean.ErrorManage.ErrorManage.SaveError(ErrorManage.java:81)
	at JavaBean.OperateDataBase.OperateDataBase.executeUpdate(OperateDataBase.java:54)
	at JavaBean.ErrorManage.ErrorManage.SaveError(ErrorManage.java:81)
	at JavaBean.OperateDataBase.OperateDataBase.executeUpdate(OperateDataBase.java:54)
	at JavaBean.ErrorManage.ErrorManage.SaveError(ErrorManage.java:81)
	at JavaBean.OperateDataBase.OperateDataBase.executeUpdate(OperateDataBase.java:54)
	at JavaBean.ErrorManage.ErrorManage.SaveError(ErrorManage.java:81)
	at JavaBean.OperateDataBase.OperateDataBase.executeUpdate(OperateDataBase.java:54)
	at JavaBean.ErrorManage.ErrorManage.SaveError(ErrorManage.java:81)
	at JavaBean.OperateDataBase.OperateDataBase.executeUpdate(OperateDataBase.java:54)
	at JavaBean.ErrorManage.ErrorManage.SaveError(ErrorManage.java:81)
	at JavaBean.OperateDataBase.OperateDataBase.executeUpdate(OperateDataBase.java:54)
	at JavaBean.ErrorManage.ErrorManage.SaveError(ErrorManage.java:81)
	at JavaBean.OperateDataBase.OperateDataBase.executeUpdate(OperateDataBase.java:54)
	at JavaBean.ErrorManage.ErrorManage.SaveError(ErrorManage.java:81)
	at JavaBean.OperateDataBase.OperateDataBase.executeUpdate(OperateDataBase.java:54)
	at JavaBean.ErrorManage.ErrorManage.SaveError(ErrorManage.java:81)
	at JavaBean.OperateDataBase.OperateDataBase.executeUpdate(OperateDataBase.java:54)
	at JavaBean.ErrorManage.ErrorManage.SaveError(ErrorManage.java:81)
	at JavaBean.OperateDataBase.OperateDataBase.executeUpdate(OperateDataBase.java:54)
	at JavaBean.ErrorManage.ErrorManage.SaveError(ErrorManage.java:81)
	at JavaBean.OperateDataBase.OperateDataBase.executeUpdate(OperateDataBase.java:54)
	at JavaBean.ErrorManage.ErrorManage.SaveError(ErrorManage.java:81)
	at JavaBean.OperateDataBase.OperateDataBase.executeUpdate(OperateDataBase.java:54)
	at JavaBean.ErrorManage.ErrorManage.SaveError(ErrorManage.java:81)
	at JavaBean.OperateDataBase.OperateDataBase.executeUpdate(OperateDataBase.java:54)
	at JavaBean.ErrorManage.ErrorManage.SaveError(ErrorManage.java:81)
	at JavaBean.OperateDataBase.OperateDataBase.executeUpdate(OperateDataBase.java:54)
	at JavaBean.ErrorManage.ErrorManage.SaveError(ErrorManage.java:81)
	at JavaBean.OperateDataBase.OperateDataBase.executeUpdate(OperateDataBase.java:54)
	at JavaBean.ErrorManage.ErrorManage.SaveError(ErrorManage.java:81)
	at JavaBean.OperateDataBase.OperateDataBase.executeUpdate(OperateDataBase.java:54)
	at JavaBean.ErrorManage.ErrorManage.SaveError(ErrorManage.java:81)
	at JavaBean.OperateDataBase.OperateDataBase.executeUpdate(OperateDataBase.java:54)
	at JavaBean.ErrorManage.ErrorManage.SaveError(ErrorManage.java:81)
	at JavaBean.OperateDataBase.OperateDataBase.executeUpdate(OperateDataBase.java:54)
	at JavaBean.ErrorManage.ErrorManage.SaveError(ErrorManage.java:81)
	at JavaBean.OperateDataBase.OperateDataBase.executeUpdate(OperateDataBase.java:54)
	at JavaBean.ErrorManage.ErrorManage.SaveError(ErrorManage.java:81)
	at JavaBean.OperateDataBase.OperateDataBase.executeUpdate(OperateDataBase.java:54)
	at JavaBean.ErrorManage.ErrorManage.SaveError(ErrorManage.java:81)
	at JavaBean.OperateDataBase.OperateDataBase.executeUpdate(OperateDataBase.java:54)
	at JavaBean.ErrorManage.ErrorManage.SaveError(ErrorManage.java:81)
	at JavaBean.OperateDataBase.OperateDataBase.executeUpdate(OperateDataBase.java:54)
	at JavaBean.ErrorManage.ErrorManage.SaveError(ErrorManage.java:81)
	at JavaBean.OperateDataBase.OperateDataBase.executeUpdate(OperateDataBase.java:54)
	at JavaBean.ErrorManage.ErrorManage.SaveError(ErrorManage.java:81)
	at JavaBean.OperateDataBase.OperateDataBase.executeUpdate(OperateDataBase.java:54)
	at JavaBean.ErrorManage.ErrorManage.SaveError(ErrorManage.java:81)
	at JavaBean.OperateDataBase.OperateDataBase.executeUpdate(OperateDataBase.java:54)
	at JavaBean.ErrorManage.ErrorManage.SaveError(ErrorManage.java:81)
	at JavaBean.OperateDataBase.OperateDataBase.executeUpdate(OperateDataBase.java:54)
	at JavaBean.ErrorManage.ErrorManage.SaveError(ErrorManage.java:81)
	at JavaBean.OperateDataBase.OperateDataBase.executeUpdate(OperateDataBase.java:54)
	at JavaBean.ErrorManage.ErrorManage.SaveError(ErrorManage.java:81)
	at JavaBean.OperateDataBase.OperateDataBase.executeUpdate(OperateDataBase.java:54)
	at JavaBean.ErrorManage.ErrorManage.SaveError(ErrorManage.java:81)
	at JavaBean.OperateDataBase.OperateDataBase.executeUpdate(OperateDataBase.java:54)
	at JavaBean.ErrorManage.ErrorManage.SaveError(ErrorManage.java:81)
	at JavaBean.OperateDataBase.OperateDataBase.executeUpdate(OperateDataBase.java:54)
	at JavaBean.ErrorManage.ErrorManage.SaveError(ErrorManage.java:81)
	at JavaBean.OperateDataBase.OperateDataBase.executeUpdate(OperateDataBase.java:54)
	at JavaBean.ErrorManage.ErrorManage.SaveError(ErrorManage.java:81)
	at JavaBean.OperateDataBase.OperateDataBase.executeUpdate(OperateDataBase.java:54)
	at JavaBean.ErrorManage.ErrorManage.SaveError(ErrorManage.java:81)
	at JavaBean.OperateDataBase.OperateDataBase.executeUpdate(OperateDataBase.java:54)
	at JavaBean.ErrorManage.ErrorManage.SaveError(ErrorManage.java:81)
	at JavaBean.OperateDataBase.OperateDataBase.executeUpdate(OperateDataBase.java:54)
	at JavaBean.ErrorManage.ErrorManage.SaveError(ErrorManage.java:81)
	at JavaBean.OperateDataBase.OperateDataBase.executeUpdate(OperateDataBase.java:54)
	at JavaBean.ErrorManage.ErrorManage.SaveError(ErrorManage.java:81)
	at JavaBean.OperateDataBase.OperateDataBase.executeUpdate(OperateDataBase.java:54)
	at JavaBean.ErrorManage.ErrorManage.SaveError(ErrorManage.java:81)
	at JavaBean.OperateDataBase.OperateDataBase.executeUpdate(OperateDataBase.java:54)
	at JavaBean.ErrorManage.ErrorManage.SaveError(ErrorManage.java:81)
	at JavaBean.OperateDataBase.OperateDataBase.executeUpdate(OperateDataBase.java:54)
	at JavaBean.ErrorManage.ErrorManage.SaveError(ErrorManage.java:81)
	at JavaBean.OperateDataBase.OperateDataBase.executeUpdate(OperateDataBase.java:54)
	at JavaBean.ErrorManage.ErrorManage.SaveError(ErrorManage.java:81)
	at JavaBean.OperateDataBase.OperateDataBase.executeUpdate(OperateDataBase.java:54)
	at JavaBean.ErrorManage.ErrorManage.SaveError(ErrorManage.java:81)
	at JavaBean.OperateDataBase.OperateDataBase.executeUpdate(OperateDataBase.java:54)
	at JavaBean.ErrorManage.ErrorManage.SaveError(ErrorManage.java:81)
	at JavaBean.OperateDataBase.OperateDataBase.executeUpdate(OperateDataBase.java:54)
	at JavaBean.ErrorManage.ErrorManage.SaveError(ErrorManage.java:81)
	at JavaBean.OperateDataBase.OperateDataBase.executeUpdate(OperateDataBase.java:54)
	at JavaBean.ErrorManage.ErrorManage.SaveError(ErrorManage.java:81)
	at JavaBean.OperateDataBase.OperateDataBase.executeUpdate(OperateDataBase.java:54)
	at JavaBean.ErrorManage.ErrorManage.SaveError(ErrorManage.java:81)
	at JavaBean.OperateDataBase.OperateDataBase.executeUpdate(OperateDataBase.java:54)
	at JavaBean.ErrorManage.ErrorManage.SaveError(ErrorManage.java:81)
	at JavaBean.OperateDataBase.OperateDataBase.executeUpdate(OperateDataBase.java:54)
	at JavaBean.ErrorManage.ErrorManage.SaveError(ErrorManage.java:81)
	at JavaBean.OperateDataBase.OperateDataBase.executeUpdate(OperateDataBase.java:54)
	at JavaBean.ErrorManage.ErrorManage.SaveError(ErrorManage.java:81)
	at JavaBean.OperateDataBase.OperateDataBase.executeUpdate(OperateDataBase.java:54)
	at JavaBean.ErrorManage.ErrorManage.SaveError(ErrorManage.java:81)
	at JavaBean.OperateDataBase.OperateDataBase.executeUpdate(OperateDataBase.java:54)
	at JavaBean.ErrorManage.ErrorManage.SaveError(ErrorManage.java:81)
	at JavaBean.OperateDataBase.OperateDataBase.executeUpdate(OperateDataBase.java:54)
	at JavaBean.ErrorManage.ErrorManage.SaveError(ErrorManage.java:81)
	at JavaBean.OperateDataBase.OperateDataBase.executeUpdate(OperateDataBase.java:54)
	at JavaBean.ErrorManage.ErrorManage.SaveError(ErrorManage.java:81)
	at JavaBean.OperateDataBase.OperateDataBase.executeUpdate(OperateDataBase.java:54)
	at JavaBean.ErrorManage.ErrorManage.SaveError(ErrorManage.java:81)
	at JavaBean.OperateDataBase.OperateDataBase.executeUpdate(OperateDataBase.java:54)
	at JavaBean.ErrorManage.ErrorManage.SaveError(ErrorManage.java:81)
	at JavaBean.OperateDataBase.OperateDataBase.executeUpdate(OperateDataBase.java:54)
	at JavaBean.ErrorManage.ErrorManage.SaveError(ErrorManage.java:81)
	at JavaBean.OperateDataBase.OperateDataBase.executeUpdate(OperateDataBase.java:54)
	at JavaBean.ErrorManage.ErrorManage.SaveError(ErrorManage.java:81)
	at JavaBean.OperateDataBase.OperateDataBase.executeUpdate(OperateDataBase.java:54)
	at JavaBean.ErrorManage.ErrorManage.SaveError(ErrorManage.java:81)
	at JavaBean.OperateDataBase.OperateDataBase.executeUpdate(OperateDataBase.java:54)
	at JavaBean.ErrorManage.ErrorManage.SaveError(ErrorManage.java:81)
	at JavaBean.OperateDataBase.OperateDataBase.executeUpdate(OperateDataBase.java:54)
	at JavaBean.ErrorManage.ErrorManage.SaveError(ErrorManage.java:81)
	at JavaBean.OperateDataBase.OperateDataBase.executeUpdate(OperateDataBase.java:54)
	at JavaBean.ErrorManage.ErrorManage.SaveError(ErrorManage.java:81)
	at JavaBean.OperateDataBase.OperateDataBase.executeUpdate(OperateDataBase.java:54)
	at JavaBean.ErrorManage.ErrorManage.SaveError(ErrorManage.java:81)
	at JavaBean.OperateDataBase.OperateDataBase.executeUpdate(OperateDataBase.java:54)
	at JavaBean.ErrorManage.ErrorManage.SaveError(ErrorManage.java:81)
	at JavaBean.OperateDataBase.OperateDataBase.executeUpdate(OperateDataBase.java:54)
	at JavaBean.ErrorManage.ErrorManage.SaveError(ErrorManage.java:81)
	at JavaBean.OperateDataBase.OperateDataBase.executeUpdate(OperateDataBase.java:54)
	at JavaBean.ErrorManage.ErrorManage.SaveError(ErrorManage.java:81)
	at JavaBean.OperateDataBase.OperateDataBase.executeUpdate(OperateDataBase.java:54)
	at JavaBean.ErrorManage.ErrorManage.SaveError(ErrorManage.java:81)
	at JavaBean.OperateDataBase.OperateDataBase.executeUpdate(OperateDataBase.java:54)
	at JavaBean.ErrorManage.ErrorManage.SaveError(ErrorManage.java:81)
	at JavaBean.OperateDataBase.OperateDataBase.executeUpdate(OperateDataBase.java:54)
	at JavaBean.ErrorManage.ErrorManage.SaveError(ErrorManage.java:81)
	at JavaBean.OperateDataBase.OperateDataBase.executeUpdate(OperateDataBase.java:54)
	at JavaBean.ErrorManage.ErrorManage.SaveError(ErrorManage.java:81)
	at JavaBean.OperateDataBase.OperateDataBase.executeUpdate(OperateDataBase.java:54)
	at JavaBean.ErrorManage.ErrorManage.SaveError(ErrorManage.java:81)
	at JavaBean.OperateDataBase.OperateDataBase.executeUpdate(OperateDataBase.java:54)
	at JavaBean.ErrorManage.ErrorManage.SaveError(ErrorManage.java:81)
	at JavaBean.OperateDataBase.OperateDataBase.executeUpdate(OperateDataBase.java:54)
	at JavaBean.ErrorManage.ErrorManage.SaveError(ErrorManage.java:81)
	at JavaBean.OperateDataBase.OperateDataBase.executeUpdate(OperateDataBase.java:54)
	at JavaBean.ErrorManage.ErrorManage.SaveError(ErrorManage.java:81)
	at JavaBean.OperateDataBase.OperateDataBase.executeUpdate(OperateDataBase.java:54)
	at JavaBean.ErrorManage.ErrorManage.SaveError(ErrorManage.java:81)
	at JavaBean.OperateDataBase.OperateDataBase.executeUpdate(OperateDataBase.java:54)
	at JavaBean.ErrorManage.ErrorManage.SaveError(ErrorManage.java:81)
	at JavaBean.OperateDataBase.OperateDataBase.executeUpdate(OperateDataBase.java:54)
	at JavaBean.ErrorManage.ErrorManage.SaveError(ErrorManage.java:81)
	at JavaBean.OperateDataBase.OperateDataBase.executeUpdate(OperateDataBase.java:54)
	at JavaBean.ErrorManage.ErrorManage.SaveError(ErrorManage.java:81)
	at JavaBean.OperateDataBase.OperateDataBase.executeUpdate(OperateDataBase.java:54)
	at JavaBean.ErrorManage.ErrorManage.SaveError(ErrorManage.java:81)
	at JavaBean.OperateDataBase.OperateDataBase.executeUpdate(OperateDataBase.java:54)
	at JavaBean.ErrorManage.ErrorManage.SaveError(ErrorManage.java:81)
	at JavaBean.OperateDataBase.OperateDataBase.executeUpdate(OperateDataBase.java:54)
	at JavaBean.ErrorManage.ErrorManage.SaveError(ErrorManage.java:81)
	at JavaBean.OperateDataBase.OperateDataBase.executeUpdate(OperateDataBase.java:54)
	at JavaBean.ErrorManage.ErrorManage.SaveError(ErrorManage.java:81)
	at JavaBean.OperateDataBase.OperateDataBase.executeUpdate(OperateDataBase.java:54)
	at JavaBean.ErrorManage.ErrorManage.SaveError(ErrorManage.java:81)
	at JavaBean.OperateDataBase.OperateDataBase.executeUpdate(OperateDataBase.java:54)
	at JavaBean.ErrorManage.ErrorManage.SaveError(ErrorManage.java:81)
	at JavaBean.OperateDataBase.OperateDataBase.executeUpdate(OperateDataBase.java:54)
	at JavaBean.ErrorManage.ErrorManage.SaveError(ErrorManage.java:81)
	at JavaBean.OperateDataBase.OperateDataBase.executeUpdate(OperateDataBase.java:54)
	at JavaBean.ErrorManage.ErrorManage.SaveError(ErrorManage.java:81)
	at JavaBean.OperateDataBase.OperateDataBase.executeUpdate(OperateDataBase.java:54)
	at JavaBean.ErrorManage.ErrorManage.SaveError(ErrorManage.java:81)
	at JavaBean.OperateDataBase.OperateDataBase.executeUpdate(OperateDataBase.java:54)
	at JavaBean.ErrorManage.ErrorManage.SaveError(ErrorManage.java:81)
	at JavaBean.OperateDataBase.OperateDataBase.executeUpdate(OperateDataBase.java:54)
	at JavaBean.ErrorManage.ErrorManage.SaveError(ErrorManage.java:81)
	at JavaBean.OperateDataBase.OperateDataBase.executeUpdate(OperateDataBase.java:54)
	at JavaBean.ErrorManage.ErrorManage.SaveError(ErrorManage.java:81)
	at JavaBean.OperateDataBase.OperateDataBase.executeUpdate(OperateDataBase.java:54)
	at JavaBean.ErrorManage.ErrorManage.SaveError(ErrorManage.java:81)
	at JavaBean.OperateDataBase.OperateDataBase.executeUpdate(OperateDataBase.java:54)
	at JavaBean.ErrorManage.ErrorManage.SaveError(ErrorManage.java:81)
	at JavaBean.OperateDataBase.OperateDataBase.executeUpdate(OperateDataBase.java:54)
	at JavaBean.ErrorManage.ErrorManage.SaveError(ErrorManage.java:81)
	at JavaBean.OperateDataBase.OperateDataBase.executeUpdate(OperateDataBase.java:54)
	at JavaBean.ErrorManage.ErrorManage.SaveError(ErrorManage.java:81)
	at JavaBean.OperateDataBase.OperateDataBase.executeUpdate(OperateDataBase.java:54)
	at JavaBean.ErrorManage.ErrorManage.SaveError(ErrorManage.java:81)
	at JavaBean.OperateDataBase.OperateDataBase.executeUpdate(OperateDataBase.java:54)
	at JavaBean.ErrorManage.ErrorManage.SaveError(ErrorManage.java:81)
	at JavaBean.OperateDataBase.OperateDataBase.executeUpdate(OperateDataBase.java:54)
	at JavaBean.ErrorManage.ErrorManage.SaveError(ErrorManage.java:81)
	at JavaBean.OperateDataBase.OperateDataBase.executeUpdate(OperateDataBase.java:54)
	at JavaBean.ErrorManage.ErrorManage.SaveError(ErrorManage.java:81)
	at JavaBean.OperateDataBase.OperateDataBase.executeUpdate(OperateDataBase.java:54)
	at JavaBean.ErrorManage.ErrorManage.SaveError(ErrorManage.java:81)
	at JavaBean.OperateDataBase.OperateDataBase.executeUpdate(OperateDataBase.java:54)
	at JavaBean.ErrorManage.ErrorManage.SaveError(ErrorManage.java:81)
	at JavaBean.OperateDataBase.OperateDataBase.executeUpdate(OperateDataBase.java:54)
	at JavaBean.ErrorManage.ErrorManage.SaveError(ErrorManage.java:81)
	at JavaBean.OperateDataBase.OperateDataBase.executeUpdate(OperateDataBase.java:54)
	at JavaBean.ErrorManage.ErrorManage.SaveError(ErrorManage.java:81)
	at JavaBean.OperateDataBase.OperateDataBase.executeUpdate(OperateDataBase.java:54)
	at JavaBean.ErrorManage.ErrorManage.SaveError(ErrorManage.java:81)
	at JavaBean.OperateDataBase.OperateDataBase.executeUpdate(OperateDataBase.java:54)
	at JavaBean.ErrorManage.ErrorManage.SaveError(ErrorManage.java:81)
	at JavaBean.OperateDataBase.OperateDataBase.executeUpdate(OperateDataBase.java:54)
	at JavaBean.ErrorManage.ErrorManage.SaveError(ErrorManage.java:81)
	at JavaBean.OperateDataBase.OperateDataBase.executeUpdate(OperateDataBase.java:54)
	at JavaBean.ErrorManage.ErrorManage.SaveError(ErrorManage.java:81)
	at JavaBean.OperateDataBase.OperateDataBase.executeUpdate(OperateDataBase.java:54)
	at JavaBean.ErrorManage.ErrorManage.SaveError(ErrorManage.java:81)
	at JavaBean.OperateDataBase.OperateDataBase.executeUpdate(OperateDataBase.java:54)
	at JavaBean.ErrorManage.ErrorManage.SaveError(ErrorManage.java:81)
	at JavaBean.OperateDataBase.OperateDataBase.executeUpdate(OperateDataBase.java:54)
	at JavaBean.ErrorManage.ErrorManage.SaveError(ErrorManage.java:81)
	at JavaBean.OperateDataBase.OperateDataBase.executeUpdate(OperateDataBase.java:54)
	at JavaBean.ErrorManage.ErrorManage.SaveError(ErrorManage.java:81)
	at JavaBean.OperateDataBase.OperateDataBase.executeUpdate(OperateDataBase.java:54)
	at JavaBean.ErrorManage.ErrorManage.SaveError(ErrorManage.java:81)
	at JavaBean.OperateDataBase.OperateDataBase.executeUpdate(OperateDataBase.java:54)
	at JavaBean.ErrorManage.ErrorManage.SaveError(ErrorManage.java:81)
	at JavaBean.OperateDataBase.OperateDataBase.executeUpdate(OperateDataBase.java:54)
	at JavaBean.ErrorManage.ErrorManage.SaveError(ErrorManage.java:81)
	at JavaBean.OperateDataBase.OperateDataBase.executeUpdate(OperateDataBase.java:54)
	at JavaBean.ErrorManage.ErrorManage.SaveError(ErrorManage.java:81)
	at JavaBean.OperateDataBase.OperateDataBase.executeUpdate(OperateDataBase.java:54)
	at JavaBean.ErrorManage.ErrorManage.SaveError(ErrorManage.java:81)
	at JavaBean.OperateDataBase.OperateDataBase.executeUpdate(OperateDataBase.java:54)
	at JavaBean.ErrorManage.ErrorManage.SaveError(ErrorManage.java:81)
	at JavaBean.OperateDataBase.OperateDataBase.executeUpdate(OperateDataBase.java:54)
	at JavaBean.ErrorManage.ErrorManage.SaveError(ErrorManage.java:81)
	at JavaBean.OperateDataBase.OperateDataBase.executeUpdate(OperateDataBase.java:54)
	at JavaBean.ErrorManage.ErrorManage.SaveError(ErrorManage.java:81)
	at JavaBean.OperateDataBase.OperateDataBase.executeUpdate(OperateDataBase.java:54)
	at JavaBean.ErrorManage.ErrorManage.SaveError(ErrorManage.java:81)
	at JavaBean.OperateDataBase.OperateDataBase.executeUpdate(OperateDataBase.java:54)
	at JavaBean.ErrorManage.ErrorManage.SaveError(ErrorManage.java:81)
	at JavaBean.OperateDataBase.OperateDataBase.executeUpdate(OperateDataBase.java:54)
	at JavaBean.ErrorManage.ErrorManage.SaveError(ErrorManage.java:81)
	at JavaBean.OperateDataBase.OperateDataBase.executeUpdate(OperateDataBase.java:54)
	at JavaBean.ErrorManage.ErrorManage.SaveError(ErrorManage.java:81)
	at JavaBean.OperateDataBase.OperateDataBase.executeUpdate(OperateDataBase.java:54)
	at JavaBean.ErrorManage.ErrorManage.SaveError(ErrorManage.java:81)
	at JavaBean.OperateDataBase.OperateDataBase.executeUpdate(OperateDataBase.java:54)
	at JavaBean.ErrorManage.ErrorManage.SaveError(ErrorManage.java:81)
	at JavaBean.OperateDataBase.OperateDataBase.executeUpdate(OperateDataBase.java:54)
	at JavaBean.ErrorManage.ErrorManage.SaveError(ErrorManage.java:81)
	at JavaBean.OperateDataBase.OperateDataBase.executeUpdate(OperateDataBase.java:54)
	at JavaBean.ErrorManage.ErrorManage.SaveError(ErrorManage.java:81)
	at JavaBean.OperateDataBase.OperateDataBase.executeUpdate(OperateDataBase.java:54)
	at JavaBean.ErrorManage.ErrorManage.SaveError(ErrorManage.java:81)
	at JavaBean.OperateDataBase.OperateDataBase.executeUpdate(OperateDataBase.java:54)
	at JavaBean.ErrorManage.ErrorManage.SaveError(ErrorManage.java:81)
	at JavaBean.OperateDataBase.OperateDataBase.executeUpdate(OperateDataBase.java:54)
	at JavaBean.ErrorManage.ErrorManage.SaveError(ErrorManage.java:81)
	at JavaBean.OperateDataBase.OperateDataBase.executeUpdate(OperateDataBase.java:54)
	at JavaBean.ErrorManage.ErrorManage.SaveError(ErrorManage.java:81)
	at JavaBean.OperateDataBase.OperateDataBase.executeUpdate(OperateDataBase.java:54)
	at JavaBean.ErrorManage.ErrorManage.SaveError(ErrorManage.java:81)
	at JavaBean.OperateDataBase.OperateDataBase.executeUpdate(OperateDataBase.java:54)
	at JavaBean.ErrorManage.ErrorManage.SaveError(ErrorManage.java:81)
	at JavaBean.OperateDataBase.OperateDataBase.executeUpdate(OperateDataBase.java:54)
	at JavaBean.ErrorManage.ErrorManage.SaveError(ErrorManage.java:81)
	at JavaBean.OperateDataBase.OperateDataBase.executeUpdate(OperateDataBase.java:54)
	at JavaBean.ErrorManage.ErrorManage.SaveError(ErrorManage.java:81)
	at JavaBean.OperateDataBase.OperateDataBase.executeUpdate(OperateDataBase.java:54)
	at JavaBean.ErrorManage.ErrorManage.SaveError(ErrorManage.java:81)
	at JavaBean.OperateDataBase.OperateDataBase.executeUpdate(OperateDataBase.java:54)
	at JavaBean.ErrorManage.ErrorManage.SaveError(ErrorManage.java:81)
	at JavaBean.OperateDataBase.OperateDataBase.executeUpdate(OperateDataBase.java:54)
	at JavaBean.ErrorManage.ErrorManage.SaveError(ErrorManage.java:81)
	at JavaBean.OperateDataBase.OperateDataBase.executeUpdate(OperateDataBase.java:54)
	at JavaBean.ErrorManage.ErrorManage.SaveError(ErrorManage.java:81)
	at JavaBean.OperateDataBase.OperateDataBase.executeUpdate(OperateDataBase.java:54)
	at JavaBean.ErrorManage.ErrorManage.SaveError(ErrorManage.java:81)
	at JavaBean.OperateDataBase.OperateDataBase.executeUpdate(OperateDataBase.java:54)
	at JavaBean.ErrorManage.ErrorManage.SaveError(ErrorManage.java:81)
	at JavaBean.OperateDataBase.OperateDataBase.executeUpdate(OperateDataBase.java:54)
	at JavaBean.ErrorManage.ErrorManage.SaveError(ErrorManage.java:81)
	at JavaBean.OperateDataBase.OperateDataBase.executeUpdate(OperateDataBase.java:54)
	at JavaBean.ErrorManage.ErrorManage.SaveError(ErrorManage.java:81)
	at JavaBean.OperateDataBase.OperateDataBase.executeUpdate(OperateDataBase.java:54)
	at JavaBean.ErrorManage.ErrorManage.SaveError(ErrorManage.java:81)
	at JavaBean.OperateDataBase.OperateDataBase.executeUpdate(OperateDataBase.java:54)
	at JavaBean.ErrorManage.ErrorManage.SaveError(ErrorManage.java:81)
	at JavaBean.OperateDataBase.OperateDataBase.executeUpdate(OperateDataBase.java:54)
	at JavaBean.ErrorManage.ErrorManage.SaveError(ErrorManage.java:81)
	at JavaBean.OperateDataBase.OperateDataBase.executeUpdate(OperateDataBase.java:54)
	at JavaBean.ErrorManage.ErrorManage.SaveError(ErrorManage.java:81)
	at JavaBean.OperateDataBase.OperateDataBase.executeUpdate(OperateDataBase.java:54)
	at JavaBean.ErrorManage.ErrorManage.SaveError(ErrorManage.java:81)
	at JavaBean.OperateDataBase.OperateDataBase.executeUpdate(OperateDataBase.java:54)
	at JavaBean.ErrorManage.ErrorManage.SaveError(ErrorManage.java:81)
	at JavaBean.OperateDataBase.OperateDataBase.executeUpdate(OperateDataBase.java:54)
	at JavaBean.ErrorManage.ErrorManage.SaveError(ErrorManage.java:81)
	at JavaBean.OperateDataBase.OperateDataBase.executeUpdate(OperateDataBase.java:54)
	at JavaBean.ErrorManage.ErrorManage.SaveError(ErrorManage.java:81)
	at JavaBean.OperateDataBase.OperateDataBase.executeUpdate(OperateDataBase.java:54)
	at JavaBean.ErrorManage.ErrorManage.SaveError(ErrorManage.java:81)
	at JavaBean.OperateDataBase.OperateDataBase.executeUpdate(OperateDataBase.java:54)
	at JavaBean.ErrorManage.ErrorManage.SaveError(ErrorManage.java:81)
	at JavaBean.OperateDataBase.OperateDataBase.executeUpdate(OperateDataBase.java:54)
	at JavaBean.ErrorManage.ErrorManage.SaveError(ErrorManage.java:81)
	at JavaBean.OperateDataBase.OperateDataBase.executeUpdate(OperateDataBase.java:54)
	at JavaBean.ErrorManage.ErrorManage.SaveError(ErrorManage.java:81)
	at JavaBean.OperateDataBase.OperateDataBase.executeUpdate(OperateDataBase.java:54)
	at JavaBean.ErrorManage.ErrorManage.SaveError(ErrorManage.java:81)
	at JavaBean.OperateDataBase.OperateDataBase.executeUpdate(OperateDataBase.java:54)
	at JavaBean.ErrorManage.ErrorManage.SaveError(ErrorManage.java:81)
	at JavaBean.OperateDataBase.OperateDataBase.executeUpdate(OperateDataBase.java:54)
	at JavaBean.ErrorManage.ErrorManage.SaveError(ErrorManage.java:81)
	at JavaBean.OperateDataBase.OperateDataBase.executeUpdate(OperateDataBase.java:54)
	at JavaBean.ErrorManage.ErrorManage.SaveError(ErrorManage.java:81)
	at JavaBean.OperateDataBase.OperateDataBase.executeUpdate(OperateDataBase.java:54)
	at JavaBean.ErrorManage.ErrorManage.SaveError(ErrorManage.java:81)
	at JavaBean.OperateDataBase.OperateDataBase.executeUpdate(OperateDataBase.java:54)
	at JavaBean.ErrorManage.ErrorManage.SaveError(ErrorManage.java:81)
	at JavaBean.OperateDataBase.OperateDataBase.executeUpdate(OperateDataBase.java:54)
	at JavaBean.ErrorManage.ErrorManage.SaveError(ErrorManage.java:81)
	at JavaBean.OperateDataBase.OperateDataBase.executeUpdate(OperateDataBase.java:54)
	at JavaBean.ErrorManage.ErrorManage.SaveError(ErrorManage.java:81)
	at JavaBean.OperateDataBase.OperateDataBase.executeUpdate(OperateDataBase.java:54)
	at JavaBean.ErrorManage.ErrorManage.SaveError(ErrorManage.java:81)
	at JavaBean.OperateDataBase.OperateDataBase.executeUpdate(OperateDataBase.java:54)
	at JavaBean.ErrorManage.ErrorManage.SaveError(ErrorManage.java:81)
	at JavaBean.OperateDataBase.OperateDataBase.executeUpdate(OperateDataBase.java:54)
	at JavaBean.ErrorManage.ErrorManage.SaveError(ErrorManage.java:81)
	at JavaBean.OperateDataBase.OperateDataBase.executeUpdate(OperateDataBase.java:54)
	at JavaBean.ErrorManage.ErrorManage.SaveError(ErrorManage.java:81)
	at JavaBean.OperateDataBase.OperateDataBase.executeUpdate(OperateDataBase.java:54)
	at JavaBean.ErrorManage.ErrorManage.SaveError(ErrorManage.java:81)
	at JavaBean.OperateDataBase.OperateDataBase.executeUpdate(OperateDataBase.java:54)
	at JavaBean.ErrorManage.ErrorManage.SaveError(ErrorManage.java:81)
	at JavaBean.OperateDataBase.OperateDataBase.executeUpdate(OperateDataBase.java:54)
	at JavaBean.ErrorManage.ErrorManage.SaveError(ErrorManage.java:81)
	at JavaBean.OperateDataBase.OperateDataBase.executeUpdate(OperateDataBase.java:54)
	at JavaBean.ErrorManage.ErrorManage.SaveError(ErrorManage.java:81)
	at JavaBean.OperateDataBase.OperateDataBase.executeUpdate(OperateDataBase.java:54)
	at JavaBean.ErrorManage.ErrorManage.SaveError(ErrorManage.java:81)
	at JavaBean.OperateDataBase.OperateDataBase.executeUpdate(OperateDataBase.java:54)
	at JavaBean.ErrorManage.ErrorManage.SaveError(ErrorManage.java:81)
	at JavaBean.OperateDataBase.OperateDataBase.executeUpdate(OperateDataBase.java:54)
	at JavaBean.ErrorManage.ErrorManage.SaveError(ErrorManage.java:81)
	at JavaBean.OperateDataBase.OperateDataBase.executeUpdate(OperateDataBase.java:54)
	at JavaBean.ErrorManage.ErrorManage.SaveError(ErrorManage.java:81)
	at JavaBean.OperateDataBase.OperateDataBase.executeUpdate(OperateDataBase.java:54)
	at JavaBean.ErrorManage.ErrorManage.SaveError(ErrorManage.java:81)
	at JavaBean.OperateDataBase.OperateDataBase.executeUpdate(OperateDataBase.java:54)
	at JavaBean.ErrorManage.ErrorManage.SaveError(ErrorManage.java:81)
	at JavaBean.OperateDataBase.OperateDataBase.executeUpdate(OperateDataBase.java:54)
	at JavaBean.ErrorManage.ErrorManage.SaveError(ErrorManage.java:81)
	at JavaBean.OperateDataBase.OperateDataBase.executeUpdate(OperateDataBase.java:54)
	at JavaBean.ErrorManage.ErrorManage.SaveError(ErrorManage.java:81)
	at JavaBean.OperateDataBase.OperateDataBase.executeUpdate(OperateDataBase.java:54)
	at JavaBean.ErrorManage.ErrorManage.SaveError(ErrorManage.java:81)
	at JavaBean.OperateDataBase.OperateDataBase.executeUpdate(OperateDataBase.java:54)
	at JavaBean.ErrorManage.ErrorManage.SaveError(ErrorManage.java:81)
	at JavaBean.OperateDataBase.OperateDataBase.executeUpdate(OperateDataBase.java:54)
	at JavaBean.ErrorManage.ErrorManage.SaveError(ErrorManage.java:81)
	at JavaBean.OperateDataBase.OperateDataBase.executeUpdate(OperateDataBase.java:54)
	at JavaBean.ErrorManage.ErrorManage.SaveError(ErrorManage.java:81)
	at JavaBean.OperateDataBase.OperateDataBase.executeUpdate(OperateDataBase.java:54)
	at JavaBean.ErrorManage.ErrorManage.SaveError(ErrorManage.java:81)
	at JavaBean.OperateDataBase.OperateDataBase.executeUpdate(OperateDataBase.java:54)
	at JavaBean.ErrorManage.ErrorManage.SaveError(ErrorManage.java:81)
	at JavaBean.OperateDataBase.OperateDataBase.executeUpdate(OperateDataBase.java:54)
	at JavaBean.ErrorManage.ErrorManage.SaveError(ErrorManage.java:81)
	at JavaBean.OperateDataBase.OperateDataBase.executeUpdate(OperateDataBase.java:54)
	at JavaBean.ErrorManage.ErrorManage.SaveError(ErrorManage.java:81)
	at JavaBean.OperateDataBase.OperateDataBase.executeUpdate(OperateDataBase.java:54)
	at JavaBean.ErrorManage.ErrorManage.SaveError(ErrorManage.java:81)
	at JavaBean.OperateDataBase.OperateDataBase.executeUpdate(OperateDataBase.java:54)
	at JavaBean.ErrorManage.ErrorManage.SaveError(ErrorManage.java:81)
	at JavaBean.OperateDataBase.OperateDataBase.executeUpdate(OperateDataBase.java:54)
	at JavaBean.ErrorManage.ErrorManage.SaveError(ErrorManage.java:81)
	at JavaBean.OperateDataBase.OperateDataBase.executeUpdate(OperateDataBase.java:54)
	at JavaBean.ErrorManage.ErrorManage.SaveError(ErrorManage.java:81)
	at JavaBean.OperateDataBase.OperateDataBase.executeUpdate(OperateDataBase.java:54)
	at JavaBean.ErrorManage.ErrorManage.SaveError(ErrorManage.java:81)
	at JavaBean.OperateDataBase.OperateDataBase.executeUpdate(OperateDataBase.java:54)
	at JavaBean.ErrorManage.ErrorManage.SaveError(ErrorManage.java:81)
	at JavaBean.OperateDataBase.OperateDataBase.executeUpdate(OperateDataBase.java:54)
	at JavaBean.ErrorManage.ErrorManage.SaveError(ErrorManage.java:81)
	at JavaBean.OperateDataBase.OperateDataBase.executeUpdate(OperateDataBase.java:54)
	at JavaBean.ErrorManage.ErrorManage.SaveError(ErrorManage.java:81)
	at JavaBean.OperateDataBase.OperateDataBase.executeUpdate(OperateDataBase.java:54)
	at JavaBean.ErrorManage.ErrorManage.SaveError(ErrorManage.java:81)
	at JavaBean.OperateDataBase.OperateDataBase.executeUpdate(OperateDataBase.java:54)
	at JavaBean.ErrorManage.ErrorManage.SaveError(ErrorManage.java:81)
	at JavaBean.OperateDataBase.OperateDataBase.executeUpdate(OperateDataBase.java:54)
	at JavaBean.ErrorManage.ErrorManage.SaveError(ErrorManage.java:81)
	at JavaBean.OperateDataBase.OperateDataBase.executeUpdate(OperateDataBase.java:54)
	at JavaBean.ErrorManage.ErrorManage.SaveError(ErrorManage.java:81)
	at JavaBean.OperateDataBase.OperateDataBase.executeUpdate(OperateDataBase.java:54)
	at JavaBean.ErrorManage.ErrorManage.SaveError(ErrorManage.java:81)
	at JavaBean.OperateDataBase.OperateDataBase.executeUpdate(OperateDataBase.java:54)
	at JavaBean.ErrorManage.ErrorManage.SaveError(ErrorManage.java:81)
	at JavaBean.OperateDataBase.OperateDataBase.executeUpdate(OperateDataBase.java:54)
	at JavaBean.ErrorManage.ErrorManage.SaveError(ErrorManage.java:81)
	at JavaBean.OperateDataBase.OperateDataBase.executeUpdate(OperateDataBase.java:54)
	at JavaBean.ErrorManage.ErrorManage.SaveError(ErrorManage.java:81)
	at JavaBean.OperateDataBase.OperateDataBase.executeUpdate(OperateDataBase.java:54)
	at JavaBean.ErrorManage.ErrorManage.SaveError(ErrorManage.java:81)
	at JavaBean.OperateDataBase.OperateDataBase.executeUpdate(OperateDataBase.java:54)
	at JavaBean.ErrorManage.ErrorManage.SaveError(ErrorManage.java:81)
	at JavaBean.OperateDataBase.OperateDataBase.executeUpdate(OperateDataBase.java:54)
	at JavaBean.ErrorManage.ErrorManage.SaveError(ErrorManage.java:81)
	at JavaBean.OperateDataBase.OperateDataBase.executeUpdate(OperateDataBase.java:54)
	at JavaBean.ErrorManage.ErrorManage.SaveError(ErrorManage.java:81)
	at JavaBean.OperateDataBase.OperateDataBase.executeUpdate(OperateDataBase.java:54)
	at JavaBean.ErrorManage.ErrorManage.SaveError(ErrorManage.java:81)
	at JavaBean.OperateDataBase.OperateDataBase.executeUpdate(OperateDataBase.java:54)
	at JavaBean.ErrorManage.ErrorManage.SaveError(ErrorManage.java:81)
	at JavaBean.OperateDataBase.OperateDataBase.executeUpdate(OperateDataBase.java:54)
	at JavaBean.ErrorManage.ErrorManage.SaveError(ErrorManage.java:81)
	at JavaBean.OperateDataBase.OperateDataBase.executeUpdate(OperateDataBase.java:54)
	at JavaBean.ErrorManage.ErrorManage.SaveError(ErrorManage.java:81)
	at JavaBean.OperateDataBase.OperateDataBase.executeUpdate(OperateDataBase.java:54)
	at JavaBean.ErrorManage.ErrorManage.SaveError(ErrorManage.java:81)
	at JavaBean.OperateDataBase.OperateDataBase.executeUpdate(OperateDataBase.java:54)
	at JavaBean.ErrorManage.ErrorManage.SaveError(ErrorManage.java:81)
	at JavaBean.OperateDataBase.OperateDataBase.executeUpdate(OperateDataBase.java:54)
	at JavaBean.ErrorManage.ErrorManage.SaveError(ErrorManage.java:81)
	at JavaBean.OperateDataBase.OperateDataBase.executeUpdate(OperateDataBase.java:54)
	at JavaBean.ErrorManage.ErrorManage.SaveError(ErrorManage.java:81)
	at JavaBean.OperateDataBase.OperateDataBase.executeUpdate(OperateDataBase.java:54)
	at JavaBean.ErrorManage.ErrorManage.SaveError(ErrorManage.java:81)
	at JavaBean.OperateDataBase.OperateDataBase.executeUpdate(OperateDataBase.java:54)
	at JavaBean.ErrorManage.ErrorManage.SaveError(ErrorManage.java:81)
	at JavaBean.OperateDataBase.OperateDataBase.executeUpdate(OperateDataBase.java:54)
	at JavaBean.ErrorManage.ErrorManage.SaveError(ErrorManage.java:81)
	at JavaBean.OperateDataBase.OperateDataBase.executeUpdate(OperateDataBase.java:54)
	at JavaBean.ErrorManage.ErrorManage.SaveError(ErrorManage.java:81)
	at JavaBean.OperateDataBase.OperateDataBase.executeUpdate(OperateDataBase.java:54)
	at JavaBean.ErrorManage.ErrorManage.SaveError(ErrorManage.java:81)
	at JavaBean.OperateDataBase.OperateDataBase.executeUpdate(OperateDataBase.java:54)
	at JavaBean.ErrorManage.ErrorManage.SaveError(ErrorManage.java:81)
	at JavaBean.OperateDataBase.OperateDataBase.executeUpdate(OperateDataBase.java:54)
	at JavaBean.ErrorManage.ErrorManage.SaveError(ErrorManage.java:81)
	at JavaBean.OperateDataBase.OperateDataBase.executeUpdate(OperateDataBase.java:54)
	at JavaBean.ErrorManage.ErrorManage.SaveError(ErrorManage.java:81)
	at JavaBean.OperateDataBase.OperateDataBase.executeUpdate(OperateDataBase.java:54)
	at JavaBean.ErrorManage.ErrorManage.SaveError(ErrorManage.java:81)
	at JavaBean.OperateDataBase.OperateDataBase.executeUpdate(OperateDataBase.java:54)
	at JavaBean.ErrorManage.ErrorManage.SaveError(ErrorManage.java:81)
	at JavaBean.OperateDataBase.OperateDataBase.executeUpdate(OperateDataBase.java:54)
	at JavaBean.ErrorManage.ErrorManage.SaveError(ErrorManage.java:81)
	at JavaBean.OperateDataBase.OperateDataBase.executeUpdate(OperateDataBase.java:54)
	at JavaBean.ErrorManage.ErrorManage.SaveError(ErrorManage.java:81)
	at JavaBean.OperateDataBase.OperateDataBase.executeUpdate(OperateDataBase.java:54)
	at JavaBean.ErrorManage.ErrorManage.SaveError(ErrorManage.java:81)
	at JavaBean.OperateDataBase.OperateDataBase.executeUpdate(OperateDataBase.java:54)
	at JavaBean.ErrorManage.ErrorManage.SaveError(ErrorManage.java:81)
	at JavaBean.OperateDataBase.OperateDataBase.executeUpdate(OperateDataBase.java:54)
	at JavaBean.ErrorManage.ErrorManage.SaveError(ErrorManage.java:81)
	at JavaBean.OperateDataBase.OperateDataBase.executeUpdate(OperateDataBase.java:54)
	at JavaBean.ErrorManage.ErrorManage.SaveError(ErrorManage.java:81)
	at JavaBean.OperateDataBase.OperateDataBase.executeUpdate(OperateDataBase.java:54)
	at JavaBean.ErrorManage.ErrorManage.SaveError(ErrorManage.java:81)
	at JavaBean.OperateDataBase.OperateDataBase.executeUpdate(OperateDataBase.java:54)
	at JavaBean.ErrorManage.ErrorManage.SaveError(ErrorManage.java:81)
	at JavaBean.OperateDataBase.OperateDataBase.executeUpdate(OperateDataBase.java:54)
	at JavaBean.ErrorManage.ErrorManage.SaveError(ErrorManage.java:81)
	at JavaBean.OperateDataBase.OperateDataBase.executeUpdate(OperateDataBase.java:54)
	at JavaBean.ErrorManage.ErrorManage.SaveError(ErrorManage.java:81)
	at JavaBean.OperateDataBase.OperateDataBase.executeUpdate(OperateDataBase.java:54)
	at JavaBean.ErrorManage.ErrorManage.SaveError(ErrorManage.java:81)
	at JavaBean.OperateDataBase.OperateDataBase.executeUpdate(OperateDataBase.java:54)
	at JavaBean.ErrorManage.ErrorManage.SaveError(ErrorManage.java:81)
	at JavaBean.OperateDataBase.OperateDataBase.executeUpdate(OperateDataBase.java:54)
	at JavaBean.ErrorManage.ErrorManage.SaveError(ErrorManage.java:81)
	at JavaBean.OperateDataBase.OperateDataBase.executeUpdate(OperateDataBase.java:54)
	at JavaBean.ErrorManage.ErrorManage.SaveError(ErrorManage.java:81)
	at JavaBean.OperateDataBase.OperateDataBase.executeUpdate(OperateDataBase.java:54)
	at JavaBean.ErrorManage.ErrorManage.SaveError(ErrorManage.java:81)
	at JavaBean.OperateDataBase.OperateDataBase.executeUpdate(OperateDataBase.java:54)
	at JavaBean.ErrorManage.ErrorManage.SaveError(ErrorManage.java:81)
	at JavaBean.OperateDataBase.OperateDataBase.executeUpdate(OperateDataBase.java:54)
	at JavaBean.ErrorManage.ErrorManage.SaveError(ErrorManage.java:81)
	at JavaBean.OperateDataBase.OperateDataBase.executeUpdate(OperateDataBase.java:54)
	at JavaBean.ErrorManage.ErrorManage.SaveError(ErrorManage.java:81)
	at JavaBean.OperateDataBase.OperateDataBase.executeUpdate(OperateDataBase.java:54)
	at JavaBean.ErrorManage.ErrorManage.SaveError(ErrorManage.java:81)
	at JavaBean.OperateDataBase.OperateDataBase.executeUpdate(OperateDataBase.java:54)
	at JavaBean.ErrorManage.ErrorManage.SaveError(ErrorManage.java:81)
	at JavaBean.OperateDataBase.OperateDataBase.executeUpdate(OperateDataBase.java:54)
	at JavaBean.ErrorManage.ErrorManage.SaveError(ErrorManage.java:81)
	at JavaBean.OperateDataBase.OperateDataBase.executeUpdate(OperateDataBase.java:54)
	at JavaBean.ErrorManage.ErrorManage.SaveError(ErrorManage.java:81)
	at JavaBean.OperateDataBase.OperateDataBase.executeUpdate(OperateDataBase.java:54)
	at JavaBean.ErrorManage.ErrorManage.SaveError(ErrorManage.java:81)
	at JavaBean.OperateDataBase.OperateDataBase.executeUpdate(OperateDataBase.java:54)
	at JavaBean.ErrorManage.ErrorManage.SaveError(ErrorManage.java:81)
	at JavaBean.OperateDataBase.OperateDataBase.executeUpdate(OperateDataBase.java:54)
	at JavaBean.ErrorManage.ErrorManage.SaveError(ErrorManage.java:81)
	at JavaBean.OperateDataBase.OperateDataBase.executeUpdate(OperateDataBase.java:54)
	at JavaBean.ErrorManage.ErrorManage.SaveError(ErrorManage.java:81)
	at JavaBean.OperateDataBase.OperateDataBase.executeUpdate(OperateDataBase.java:54)
	at JavaBean.ErrorManage.ErrorManage.SaveError(ErrorManage.java:81)
	at JavaBean.OperateDataBase.OperateDataBase.executeUpdate(OperateDataBase.java:54)
	at JavaBean.ErrorManage.ErrorManage.SaveError(ErrorManage.java:81)
	at JavaBean.OperateDataBase.OperateDataBase.executeUpdate(OperateDataBase.java:54)
	at JavaBean.ErrorManage.ErrorManage.SaveError(ErrorManage.java:81)
	at JavaBean.OperateDataBase.OperateDataBase.executeUpdate(OperateDataBase.java:54)
	at JavaBean.ErrorManage.ErrorManage.SaveError(ErrorManage.java:81)
	at JavaBean.OperateDataBase.OperateDataBase.executeUpdate(OperateDataBase.java:54)
	at JavaBean.ErrorManage.ErrorManage.SaveError(ErrorManage.java:81)
	at JavaBean.OperateDataBase.OperateDataBase.executeUpdate(OperateDataBase.java:54)
	at JavaBean.ErrorManage.ErrorManage.SaveError(ErrorManage.java:81)
	at JavaBean.OperateDataBase.OperateDataBase.executeUpdate(OperateDataBase.java:54)
	at JavaBean.ErrorManage.ErrorManage.SaveError(ErrorManage.java:81)
	at JavaBean.OperateDataBase.OperateDataBase.executeUpdate(OperateDataBase.java:54)
	at JavaBean.ErrorManage.ErrorManage.SaveError(ErrorManage.java:81)
	at JavaBean.OperateDataBase.OperateDataBase.executeUpdate(OperateDataBase.java:54)
	at JavaBean.ErrorManage.ErrorManage.SaveError(ErrorManage.java:81)
	at JavaBean.OperateDataBase.OperateDataBase.executeUpdate(OperateDataBase.java:54)
	at JavaBean.ErrorManage.ErrorManage.SaveError(ErrorManage.java:81)
	at JavaBean.OperateDataBase.OperateDataBase.executeUpdate(OperateDataBase.java:54)
	at JavaBean.ErrorManage.ErrorManage.SaveError(ErrorManage.java:81)
	at JavaBean.OperateDataBase.OperateDataBase.executeUpdate(OperateDataBase.java:54)
	at JavaBean.ErrorManage.ErrorManage.SaveError(ErrorManage.java:81)
	at JavaBean.OperateDataBase.OperateDataBase.executeUpdate(OperateDataBase.java:54)
	at JavaBean.ErrorManage.ErrorManage.SaveError(ErrorManage.java:81)
	at JavaBean.OperateDataBase.OperateDataBase.executeUpdate(OperateDataBase.java:54)
	at JavaBean.ErrorManage.ErrorManage.SaveError(ErrorManage.java:81)
	at JavaBean.OperateDataBase.OperateDataBase.executeUpdate(OperateDataBase.java:54)
	at JavaBean.ErrorManage.ErrorManage.SaveError(ErrorManage.java:81)
	at JavaBean.OperateDataBase.OperateDataBase.executeUpdate(OperateDataBase.java:54)
	at JavaBean.ErrorManage.ErrorManage.SaveError(ErrorManage.java:81)
	at JavaBean.OperateDataBase.OperateDataBase.executeUpdate(OperateDataBase.java:54)
	at JavaBean.ErrorManage.ErrorManage.SaveError(ErrorManage.java:81)
	at JavaBean.OperateDataBase.OperateDataBase.executeUpdate(OperateDataBase.java:54)
	at JavaBean.ErrorManage.ErrorManage.SaveError(ErrorManage.java:81)
	at JavaBean.OperateDataBase.OperateDataBase.executeUpdate(OperateDataBase.java:54)
	at JavaBean.ErrorManage.ErrorManage.SaveError(ErrorManage.java:81)
	at JavaBean.OperateDataBase.OperateDataBase.executeUpdate(OperateDataBase.java:54)
	at JavaBean.ErrorManage.ErrorManage.SaveError(ErrorManage.java:81)
	at JavaBean.OperateDataBase.OperateDataBase.executeUpdate(OperateDataBase.java:54)
	at JavaBean.ErrorManage.ErrorManage.SaveError(ErrorManage.java:81)
	at JavaBean.OperateDataBase.OperateDataBase.executeUpdate(OperateDataBase.java:54)
	at JavaBean.ErrorManage.ErrorManage.SaveError(ErrorManage.java:81)
	at JavaBean.OperateDataBase.OperateDataBase.executeUpdate(OperateDataBase.java:54)
	at JavaBean.ErrorManage.ErrorManage.SaveError(ErrorManage.java:81)
	at JavaBean.OperateDataBase.OperateDataBase.executeUpdate(OperateDataBase.java:54)
	at JavaBean.ErrorManage.ErrorManage.SaveError(ErrorManage.java:81)
	at JavaBean.OperateDataBase.OperateDataBase.executeUpdate(OperateDataBase.java:54)
	at JavaBean.ErrorManage.ErrorManage.SaveError(ErrorManage.java:81)
	at JavaBean.OperateDataBase.OperateDataBase.executeUpdate(OperateDataBase.java:54)
	at JavaBean.ErrorManage.ErrorManage.SaveError(ErrorManage.java:81)
	at JavaBean.OperateDataBase.OperateDataBase.executeUpdate(OperateDataBase.java:54)
	at JavaBean.ErrorManage.ErrorManage.SaveError(ErrorManage.java:81)
	at JavaBean.OperateDataBase.OperateDataBase.executeUpdate(OperateDataBase.java:54)
	at JavaBean.ErrorManage.ErrorManage.SaveError(ErrorManage.java:81)
	at JavaBean.OperateDataBase.OperateDataBase.executeUpdate(OperateDataBase.java:54)
	at JavaBean.ErrorManage.ErrorManage.SaveError(ErrorManage.java:81)
	at JavaBean.OperateDataBase.OperateDataBase.executeUpdate(OperateDataBase.java:54)
	at JavaBean.ErrorManage.ErrorManage.SaveError(ErrorManage.java:81)
	at JavaBean.OperateDataBase.OperateDataBase.executeUpdate(OperateDataBase.java:54)
	at JavaBean.ErrorManage.ErrorManage.SaveError(ErrorManage.java:81)
	at JavaBean.OperateDataBase.OperateDataBase.executeUpdate(OperateDataBase.java:54)
	at JavaBean.ErrorManage.ErrorManage.SaveError(ErrorManage.java:81)
	at JavaBean.OperateDataBase.OperateDataBase.executeUpdate(OperateDataBase.java:54)
	at JavaBean.ErrorManage.ErrorManage.SaveError(ErrorManage.java:81)
	at JavaBean.OperateDataBase.OperateDataBase.executeUpdate(OperateDataBase.java:54)
	at JavaBean.ErrorManage.ErrorManage.SaveError(ErrorManage.java:81)
	at JavaBean.OperateDataBase.OperateDataBase.executeUpdate(OperateDataBase.java:54)
	at JavaBean.ErrorManage.ErrorManage.SaveError(ErrorManage.java:81)
	at JavaBean.OperateDataBase.OperateDataBase.executeUpdate(OperateDataBase.java:54)
	at JavaBean.ErrorManage.ErrorManage.SaveError(ErrorManage.java:81)
	at JavaBean.OperateDataBase.OperateDataBase.executeUpdate(OperateDataBase.java:54)
	at JavaBean.ErrorManage.ErrorManage.SaveError(ErrorManage.java:81)
	at JavaBean.OperateDataBase.OperateDataBase.executeUpdate(OperateDataBase.java:54)
	at JavaBean.ErrorManage.ErrorManage.SaveError(ErrorManage.java:81)
	at JavaBean.OperateDataBase.OperateDataBase.executeUpdate(OperateDataBase.java:54)
	at JavaBean.ErrorManage.ErrorManage.SaveError(ErrorManage.java:81)
	at JavaBean.OperateDataBase.OperateDataBase.executeUpdate(OperateDataBase.java:54)
	at JavaBean.ErrorManage.ErrorManage.SaveError(ErrorManage.java:81)
	at JavaBean.OperateDataBase.OperateDataBase.executeUpdate(OperateDataBase.java:54)
	at JavaBean.ErrorManage.ErrorManage.SaveError(ErrorManage.java:81)
	at JavaBean.OperateDataBase.OperateDataBase.executeUpdate(OperateDataBase.java:54)
	at JavaBean.ErrorManage.ErrorManage.SaveError(ErrorManage.java:81)
	at JavaBean.OperateDataBase.OperateDataBase.executeUpdate(OperateDataBase.java:54)
	at JavaBean.ErrorManage.ErrorManage.SaveError(ErrorManage.java:81)
	at JavaBean.OperateDataBase.OperateDataBase.executeUpdate(OperateDataBase.java:54)
	at JavaBean.ErrorManage.ErrorManage.SaveError(ErrorManage.java:81)
	at JavaBean.OperateDataBase.OperateDataBase.executeUpdate(OperateDataBase.java:54)
	at JavaBean.ErrorManage.ErrorManage.SaveError(ErrorManage.java:81)
	at JavaBean.OperateDataBase.OperateDataBase.executeUpdate(OperateDataBase.java:54)
	at JavaBean.ErrorManage.ErrorManage.SaveError(ErrorManage.java:81)
	at JavaBean.OperateDataBase.OperateDataBase.executeUpdate(OperateDataBase.java:54)
	at JavaBean.ErrorManage.ErrorManage.SaveError(ErrorManage.java:81)
	at JavaBean.OperateDataBase.OperateDataBase.executeUpdate(OperateDataBase.java:54)
	at JavaBean.ErrorManage.ErrorManage.SaveError(ErrorManage.java:81)
	at JavaBean.OperateDataBase.OperateDataBase.executeUpdate(OperateDataBase.java:54)
	at JavaBean.ErrorManage.ErrorManage.SaveError(ErrorManage.java:81)
	at JavaBean.OperateDataBase.OperateDataBase.executeUpdate(OperateDataBase.java:54)
	at JavaBean.ErrorManage.ErrorManage.SaveError(ErrorManage.java:81)
	at JavaBean.OperateDataBase.OperateDataBase.executeUpdate(OperateDataBase.java:54)
	at JavaBean.ErrorManage.ErrorManage.SaveError(ErrorManage.java:81)
	at JavaBean.OperateDataBase.OperateDataBase.executeUpdate(OperateDataBase.java:54)
	at JavaBean.ErrorManage.ErrorManage.SaveError(ErrorManage.java:81)
	at JavaBean.OperateDataBase.OperateDataBase.executeUpdate(OperateDataBase.java:54)
	at JavaBean.ErrorManage.ErrorManage.SaveError(ErrorManage.java:81)
	at JavaBean.OperateDataBase.OperateDataBase.executeUpdate(OperateDataBase.java:54)
	at JavaBean.ErrorManage.ErrorManage.SaveError(ErrorManage.java:81)
	at JavaBean.OperateDataBase.OperateDataBase.executeUpdate(OperateDataBase.java:54)
	at JavaBean.ErrorManage.ErrorManage.SaveError(ErrorManage.java:81)
	at JavaBean.OperateDataBase.OperateDataBase.executeUpdate(OperateDataBase.java:54)
	at JavaBean.ErrorManage.ErrorManage.SaveError(ErrorManage.java:81)
	at JavaBean.OperateDataBase.OperateDataBase.executeUpdate(OperateDataBase.java:54)
	at JavaBean.ErrorManage.ErrorManage.SaveError(ErrorManage.java:81)
	at JavaBean.OperateDataBase.OperateDataBase.executeUpdate(OperateDataBase.java:54)
	at JavaBean.ErrorManage.ErrorManage.SaveError(ErrorManage.java:81)
	at JavaBean.OperateDataBase.OperateDataBase.executeUpdate(OperateDataBase.java:54)
	at JavaBean.ErrorManage.ErrorManage.SaveError(ErrorManage.java:81)
	at JavaBean.OperateDataBase.OperateDataBase.executeUpdate(OperateDataBase.java:54)
	at JavaBean.ErrorManage.ErrorManage.SaveError(ErrorManage.java:81)
	at JavaBean.OperateDataBase.OperateDataBase.executeUpdate(OperateDataBase.java:54)
	at JavaBean.ErrorManage.ErrorManage.SaveError(ErrorManage.java:81)
	at JavaBean.OperateDataBase.OperateDataBase.executeUpdate(OperateDataBase.java:54)
	at JavaBean.ErrorManage.ErrorManage.SaveError(ErrorManage.java:81)
	at JavaBean.OperateDataBase.OperateDataBase.executeUpdate(OperateDataBase.java:54)
	at JavaBean.ErrorManage.ErrorManage.SaveError(ErrorManage.java:81)
	at JavaBean.OperateDataBase.OperateDataBase.executeUpdate(OperateDataBase.java:54)
	at JavaBean.ErrorManage.ErrorManage.SaveError(ErrorManage.java:81)
	at JavaBean.OperateDataBase.OperateDataBase.executeUpdate(OperateDataBase.java:54)
	at JavaBean.ErrorManage.ErrorManage.SaveError(ErrorManage.java:81)
	at JavaBean.OperateDataBase.OperateDataBase.executeUpdate(OperateDataBase.java:54)
	at JavaBean.ErrorManage.ErrorManage.SaveError(ErrorManage.java:81)
	at JavaBean.OperateDataBase.OperateDataBase.executeUpdate(OperateDataBase.java:54)
	at JavaBean.ErrorManage.ErrorManage.SaveError(ErrorManage.java:81)
	at JavaBean.OperateDataBase.OperateDataBase.executeUpdate(OperateDataBase.java:54)
	at JavaBean.ErrorManage.ErrorManage.SaveError(ErrorManage.java:81)
	at JavaBean.OperateDataBase.OperateDataBase.executeUpdate(OperateDataBase.java:54)
	at JavaBean.ErrorManage.ErrorManage.SaveError(ErrorManage.java:81)
	at JavaBean.OperateDataBase.OperateDataBase.executeUpdate(OperateDataBase.java:54)
	at JavaBean.ErrorManage.ErrorManage.SaveError(ErrorManage.java:81)
	at JavaBean.OperateDataBase.OperateDataBase.executeUpdate(OperateDataBase.java:54)
	at JavaBean.ErrorManage.ErrorManage.SaveError(ErrorManage.java:81)
	at JavaBean.OperateDataBase.OperateDataBase.executeUpdate(OperateDataBase.java:54)
	at JavaBean.ErrorManage.ErrorManage.SaveError(ErrorManage.java:81)
	at JavaBean.OperateDataBase.OperateDataBase.executeUpdate(OperateDataBase.java:54)
	at JavaBean.ErrorManage.ErrorManage.SaveError(ErrorManage.java:81)
	at JavaBean.OperateDataBase.OperateDataBase.executeUpdate(OperateDataBase.java:54)
	at JavaBean.ErrorManage.ErrorManage.SaveError(ErrorManage.java:81)
	at JavaBean.OperateDataBase.OperateDataBase.executeUpdate(OperateDataBase.java:54)
	at JavaBean.ErrorManage.ErrorManage.SaveError(ErrorManage.java:81)
	at JavaBean.OperateDataBase.OperateDataBase.executeUpdate(OperateDataBase.java:54)
	at JavaBean.ErrorManage.ErrorManage.SaveError(ErrorManage.java:81)
	at JavaBean.OperateDataBase.OperateDataBase.executeUpdate(OperateDataBase.java:54)
	at JavaBean.ErrorManage.ErrorManage.SaveError(ErrorManage.java:81)
	at JavaBean.OperateDataBase.OperateDataBase.executeUpdate(OperateDataBase.java:54)
	at JavaBean.ErrorManage.ErrorManage.SaveError(ErrorManage.java:81)
	at JavaBean.OperateDataBase.OperateDataBase.executeUpdate(OperateDataBase.java:54)
	at JavaBean.ErrorManage.ErrorManage.SaveError(ErrorManage.java:81)
	at JavaBean.OperateDataBase.OperateDataBase.executeUpdate(OperateDataBase.java:54)
	at JavaBean.ErrorManage.ErrorManage.SaveError(ErrorManage.java:81)
	at JavaBean.OperateDataBase.OperateDataBase.executeUpdate(OperateDataBase.java:54)
	at JavaBean.ErrorManage.ErrorManage.SaveError(ErrorManage.java:81)
	at JavaBean.OperateDataBase.OperateDataBase.executeUpdate(OperateDataBase.java:54)
	at JavaBean.ErrorManage.ErrorManage.SaveError(ErrorManage.java:81)
	at JavaBean.OperateDataBase.OperateDataBase.executeUpdate(OperateDataBase.java:54)
	at JavaBean.ErrorManage.ErrorManage.SaveError(ErrorManage.java:81)
	at JavaBean.OperateDataBase.OperateDataBase.executeUpdate(OperateDataBase.java:54)
	at JavaBean.ErrorManage.ErrorManage.SaveError(ErrorManage.java:81)
	at JavaBean.OperateDataBase.OperateDataBase.executeUpdate(OperateDataBase.java:54)
	at JavaBean.ErrorManage.ErrorManage.SaveError(ErrorManage.java:81)
	at JavaBean.OperateDataBase.OperateDataBase.executeUpdate(OperateDataBase.java:54)
	at JavaBean.ErrorManage.ErrorManage.SaveError(ErrorManage.java:81)
	at JavaBean.OperateDataBase.OperateDataBase.executeUpdate(OperateDataBase.java:54)
	at JavaBean.ErrorManage.ErrorManage.SaveError(ErrorManage.java:81)
	at JavaBean.OperateDataBase.OperateDataBase.executeUpdate(OperateDataBase.java:54)
	at JavaBean.ErrorManage.ErrorManage.SaveError(ErrorManage.java:81)
	at JavaBean.OperateDataBase.OperateDataBase.executeUpdate(OperateDataBase.java:54)
	at JavaBean.ErrorManage.ErrorManage.SaveError(ErrorManage.java:81)
	at JavaBean.OperateDataBase.OperateDataBase.executeUpdate(OperateDataBase.java:54)
	at JavaBean.ErrorManage.ErrorManage.SaveError(ErrorManage.java:81)
	at JavaBean.OperateDataBase.OperateDataBase.executeUpdate(OperateDataBase.java:54)
	at JavaBean.ErrorManage.ErrorManage.SaveError(ErrorManage.java:81)
	at JavaBean.OperateDataBase.OperateDataBase.executeUpdate(OperateDataBase.java:54)
	at JavaBean.ErrorManage.ErrorManage.SaveError(ErrorManage.java:81)
	at JavaBean.OperateDataBase.OperateDataBase.executeUpdate(OperateDataBase.java:54)
	at JavaBean.ErrorManage.ErrorManage.SaveError(ErrorManage.java:81)
	at JavaBean.OperateDataBase.OperateDataBase.executeUpdate(OperateDataBase.java:54)
	at JavaBean.ErrorManage.ErrorManage.SaveError(ErrorManage.java:81)
	at JavaBean.OperateDataBase.OperateDataBase.executeUpdate(OperateDataBase.java:54)
	at JavaBean.ErrorManage.ErrorManage.SaveError(ErrorManage.java:81)
	at JavaBean.OperateDataBase.OperateDataBase.executeUpdate(OperateDataBase.java:54)
	at JavaBean.ErrorManage.ErrorManage.SaveError(ErrorManage.java:81)
	at JavaBean.OperateDataBase.OperateDataBase.executeUpdate(OperateDataBase.java:54)
	at JavaBean.ErrorManage.ErrorManage.SaveError(ErrorManage.java:81)
	at JavaBean.OperateDataBase.OperateDataBase.executeUpdate(OperateDataBase.java:54)
	at JavaBean.ErrorManage.ErrorManage.SaveError(ErrorManage.java:81)
	at JavaBean.OperateDataBase.OperateDataBase.executeUpdate(OperateDataBase.java:54)
	at JavaBean.ErrorManage.ErrorManage.SaveError(ErrorManage.java:81)
	at JavaBean.OperateDataBase.OperateDataBase.executeUpdate(OperateDataBase.java:54)
	at JavaBean.ErrorManage.ErrorManage.SaveError(ErrorManage.java:81)
	at JavaBean.OperateDataBase.OperateDataBase.executeUpdate(OperateDataBase.java:54)
	at JavaBean.ErrorManage.ErrorManage.SaveError(ErrorManage.java:81)
	at JavaBean.OperateDataBase.OperateDataBase.executeUpdate(OperateDataBase.java:54)
	at JavaBean.ErrorManage.ErrorManage.SaveError(ErrorManage.java:81)
	at JavaBean.OperateDataBase.OperateDataBase.executeUpdate(OperateDataBase.java:54)
	at JavaBean.ErrorManage.ErrorManage.SaveError(ErrorManage.java:81)
	at JavaBean.OperateDataBase.OperateDataBase.executeUpdate(OperateDataBase.java:54)
	at JavaBean.ErrorManage.ErrorManage.SaveError(ErrorManage.java:81)
	at JavaBean.OperateDataBase.OperateDataBase.executeUpdate(OperateDataBase.java:54)
	at JavaBean.ErrorManage.ErrorManage.SaveError(ErrorManage.java:81)
	at JavaBean.OperateDataBase.OperateDataBase.executeUpdate(OperateDataBase.java:54)
	at JavaBean.ErrorManage.ErrorManage.SaveError(ErrorManage.java:81)
	at JavaBean.OperateDataBase.OperateDataBase.executeUpdate(OperateDataBase.java:54)
	at JavaBean.ErrorManage.ErrorManage.SaveError(ErrorManage.java:81)
	at JavaBean.OperateDataBase.OperateDataBase.executeUpdate(OperateDataBase.java:54)
	at JavaBean.ErrorManage.ErrorManage.SaveError(ErrorManage.java:81)
	at JavaBean.OperateDataBase.OperateDataBase.executeUpdate(OperateDataBase.java:54)
	at JavaBean.ErrorManage.ErrorManage.SaveError(ErrorManage.java:81)
	at JavaBean.OperateDataBase.OperateDataBase.executeUpdate(OperateDataBase.java:54)
	at JavaBean.ErrorManage.ErrorManage.SaveError(ErrorManage.java:81)
	at JavaBean.OperateDataBase.OperateDataBase.executeUpdate(OperateDataBase.java:54)
	at JavaBean.ErrorManage.ErrorManage.SaveError(ErrorManage.java:81)
	at JavaBean.OperateDataBase.OperateDataBase.executeUpdate(OperateDataBase.java:54)
	at JavaBean.ErrorManage.ErrorManage.SaveError(ErrorManage.java:81)
	at JavaBean.OperateDataBase.OperateDataBase.executeUpdate(OperateDataBase.java:54)
	at JavaBean.ErrorManage.ErrorManage.SaveError(ErrorManage.java:81)
	at JavaBean.OperateDataBase.OperateDataBase.executeUpdate(OperateDataBase.java:54)
	at JavaBean.ErrorManage.ErrorManage.SaveError(ErrorManage.java:81)
	at JavaBean.OperateDataBase.OperateDataBase.executeUpdate(OperateDataBase.java:54)
	at JavaBean.ErrorManage.ErrorManage.SaveError(ErrorManage.java:81)
	at JavaBean.OperateDataBase.OperateDataBase.executeUpdate(OperateDataBase.java:54)
	at JavaBean.ErrorManage.ErrorManage.SaveError(ErrorManage.java:81)
	at JavaBean.OperateDataBase.OperateDataBase.executeUpdate(OperateDataBase.java:54)
	at JavaBean.ErrorManage.ErrorManage.SaveError(ErrorManage.java:81)
	at JavaBean.OperateDataBase.OperateDataBase.executeUpdate(OperateDataBase.java:54)
	at JavaBean.ErrorManage.ErrorManage.SaveError(ErrorManage.java:81)
	at JavaBean.OperateDataBase.OperateDataBase.executeUpdate(OperateDataBase.java:54)
	at JavaBean.ErrorManage.ErrorManage.SaveError(ErrorManage.java:81)
	at JavaBean.OperateDataBase.OperateDataBase.executeUpdate(OperateDataBase.java:54)
	at JavaBean.ErrorManage.ErrorManage.SaveError(ErrorManage.java:81)
	at JavaBean.OperateDataBase.OperateDataBase.executeUpdate(OperateDataBase.java:54)
	at JavaBean.ErrorManage.ErrorManage.SaveError(ErrorManage.java:81)
	at JavaBean.OperateDataBase.OperateDataBase.executeUpdate(OperateDataBase.java:54)
	at JavaBean.ErrorManage.ErrorManage.SaveError(ErrorManage.java:81)
	at JavaBean.OperateDataBase.OperateDataBase.executeUpdate(OperateDataBase.java:54)
	at JavaBean.ErrorManage.ErrorManage.SaveError(ErrorManage.java:81)
	at JavaBean.OperateDataBase.OperateDataBase.executeUpdate(OperateDataBase.java:54)
	at JavaBean.ErrorManage.ErrorManage.SaveError(ErrorManage.java:81)
	at JavaBean.OperateDataBase.OperateDataBase.executeUpdate(OperateDataBase.java:54)
	at JavaBean.ErrorManage.ErrorManage.SaveError(ErrorManage.java:81)
	at JavaBean.OperateDataBase.OperateDataBase.executeUpdate(OperateDataBase.java:54)
	at JavaBean.ErrorManage.ErrorManage.SaveError(ErrorManage.java:81)
	at JavaBean.OperateDataBase.OperateDataBase.executeUpdate(OperateDataBase.java:54)
	at JavaBean.ErrorManage.ErrorManage.SaveError(ErrorManage.java:81)
	at JavaBean.OperateDataBase.OperateDataBase.executeUpdate(OperateDataBase.java:54)
	at JavaBean.ErrorManage.ErrorManage.SaveError(ErrorManage.java:81)
	at JavaBean.OperateDataBase.OperateDataBase.executeUpdate(OperateDataBase.java:54)
	at JavaBean.ErrorManage.ErrorManage.SaveError(ErrorManage.java:81)
	at JavaBean.OperateDataBase.OperateDataBase.executeUpdate(OperateDataBase.java:54)
	at JavaBean.ErrorManage.ErrorManage.SaveError(ErrorManage.java:81)
	at JavaBean.OperateDataBase.OperateDataBase.executeUpdate(OperateDataBase.java:54)
	at JavaBean.ErrorManage.ErrorManage.SaveError(ErrorManage.java:81)
	at JavaBean.OperateDataBase.OperateDataBase.executeUpdate(OperateDataBase.java:54)
	at JavaBean.ErrorManage.ErrorManage.SaveError(ErrorManage.java:81)
	at JavaBean.OperateDataBase.OperateDataBase.executeUpdate(OperateDataBase.java:54)
	at JavaBean.ErrorManage.ErrorManage.SaveError(ErrorManage.java:81)
	at JavaBean.OperateDataBase.OperateDataBase.executeUpdate(OperateDataBase.java:54)
	at JavaBean.ErrorManage.ErrorManage.SaveError(ErrorManage.java:81)
	at JavaBean.OperateDataBase.OperateDataBase.executeUpdate(OperateDataBase.java:54)
	at JavaBean.ErrorManage.ErrorManage.SaveError(ErrorManage.java:81)
	at JavaBean.OperateDataBase.OperateDataBase.executeUpdate(OperateDataBase.java:54)
	at JavaBean.ErrorManage.ErrorManage.SaveError(ErrorManage.java:81)
	at JavaBean.OperateDataBase.OperateDataBase.executeUpdate(OperateDataBase.java:54)
	at JavaBean.ErrorManage.ErrorManage.SaveError(ErrorManage.java:81)
	at JavaBean.OperateDataBase.OperateDataBase.executeUpdate(OperateDataBase.java:54)
	at JavaBean.ErrorManage.ErrorManage.SaveError(ErrorManage.java:81)
	at JavaBean.OperateDataBase.OperateDataBase.executeUpdate(OperateDataBase.java:54)
	at JavaBean.ErrorManage.ErrorManage.SaveError(ErrorManage.java:81)
	at JavaBean.OperateDataBase.OperateDataBase.executeUpdate(OperateDataBase.java:54)
	at JavaBean.ErrorManage.ErrorManage.SaveError(ErrorManage.java:81)
	at JavaBean.OperateDataBase.OperateDataBase.executeUpdate(OperateDataBase.java:54)
	at JavaBean.ErrorManage.ErrorManage.SaveError(ErrorManage.java:81)
	at JavaBean.OperateDataBase.OperateDataBase.executeUpdate(OperateDataBase.java:54)
	at JavaBean.ErrorManage.ErrorManage.SaveError(ErrorManage.java:81)
	at JavaBean.OperateDataBase.OperateDataBase.executeUpdate(OperateDataBase.java:54)
	at JavaBean.ErrorManage.ErrorManage.SaveError(ErrorManage.java:81)
	at JavaBean.OperateDataBase.OperateDataBase.executeUpdate(OperateDataBase.java:54)
	at JavaBean.ErrorManage.ErrorManage.SaveError(ErrorManage.java:81)
	at JavaBean.OperateDataBase.OperateDataBase.executeUpdate(OperateDataBase.java:54)
	at JavaBean.ErrorManage.ErrorManage.SaveError(ErrorManage.java:81)
	at JavaBean.OperateDataBase.OperateDataBase.executeUpdate(OperateDataBase.java:54)
	at JavaBean.ErrorManage.ErrorManage.SaveError(ErrorManage.java:81)
	at JavaBean.OperateDataBase.OperateDataBase.executeUpdate(OperateDataBase.java:54)
	at JavaBean.ErrorManage.ErrorManage.SaveError(ErrorManage.java:81)
	at JavaBean.OperateDataBase.OperateDataBase.executeUpdate(OperateDataBase.java:54)
	at JavaBean.ErrorManage.ErrorManage.SaveError(ErrorManage.java:81)
	at JavaBean.OperateDataBase.OperateDataBase.executeUpdate(OperateDataBase.java:54)
	at JavaBean.ErrorManage.ErrorManage.SaveError(ErrorManage.java:81)
	at JavaBean.OperateDataBase.OperateDataBase.executeUpdate(OperateDataBase.java:54)
	at JavaBean.ErrorManage.ErrorManage.SaveError(ErrorManage.java:81)
	at JavaBean.OperateDataBase.OperateDataBase.executeUpdate(OperateDataBase.java:54)
	at JavaBean.ErrorManage.ErrorManage.SaveError(ErrorManage.java:81)
	at JavaBean.OperateDataBase.OperateDataBase.executeUpdate(OperateDataBase.java:54)
	at JavaBean.ErrorManage.ErrorManage.SaveError(ErrorManage.java:81)
	at JavaBean.OperateDataBase.OperateDataBase.executeUpdate(OperateDataBase.java:54)
	at JavaBean.ErrorManage.ErrorManage.SaveError(ErrorManage.java:81)
	at JavaBean.OperateDataBase.OperateDataBase.executeUpdate(OperateDataBase.java:54)
	at JavaBean.ErrorManage.ErrorManage.SaveError(ErrorManage.java:81)
	at JavaBean.OperateDataBase.OperateDataBase.executeUpdate(OperateDataBase.java:54)
	at JavaBean.ErrorManage.ErrorManage.SaveError(ErrorManage.java:81)
	at JavaBean.OperateDataBase.OperateDataBase.executeUpdate(OperateDataBase.java:54)
	at JavaBean.ErrorManage.ErrorManage.SaveError(ErrorManage.java:81)
	at JavaBean.OperateDataBase.OperateDataBase.executeUpdate(OperateDataBase.java:54)
	at JavaBean.ErrorManage.ErrorManage.SaveError(ErrorManage.java:81)
	at JavaBean.OperateDataBase.OperateDataBase.executeUpdate(OperateDataBase.java:54)
	at JavaBean.ErrorManage.ErrorManage.SaveError(ErrorManage.java:81)
	at JavaBean.OperateDataBase.OperateDataBase.executeUpdate(OperateDataBase.java:54)
	at JavaBean.ErrorManage.ErrorManage.SaveError(ErrorManage.java:81)
	at JavaBean.OperateDataBase.OperateDataBase.executeUpdate(OperateDataBase.java:54)
	at JavaBean.ErrorManage.ErrorManage.SaveError(ErrorManage.java:81)
	at JavaBean.OperateDataBase.OperateDataBase.executeUpdate(OperateDataBase.java:54)
	at JavaBean.ErrorManage.ErrorManage.SaveError(ErrorManage.java:81)
	at JavaBean.OperateDataBase.OperateDataBase.executeUpdate(OperateDataBase.java:54)
	at JavaBean.ErrorManage.ErrorManage.SaveError(ErrorManage.java:81)
	at JavaBean.OperateDataBase.OperateDataBase.executeUpdate(OperateDataBase.java:54)
	at JavaBean.ErrorManage.ErrorManage.SaveError(ErrorManage.java:81)
	at JavaBean.OperateDataBase.OperateDataBase.executeUpdate(OperateDataBase.java:54)
	at JavaBean.ErrorManage.ErrorManage.SaveError(ErrorManage.java:81)
	at JavaBean.OperateDataBase.OperateDataBase.executeUpdate(OperateDataBase.java:54)
	at JavaBean.ErrorManage.ErrorManage.SaveError(ErrorManage.java:81)
	at JavaBean.OperateDataBase.OperateDataBase.executeUpdate(OperateDataBase.java:54)
	at JavaBean.ErrorManage.ErrorManage.SaveError(ErrorManage.java:81)
	at JavaBean.OperateDataBase.OperateDataBase.executeUpdate(OperateDataBase.java:54)
	at JavaBean.ErrorManage.ErrorManage.SaveError(ErrorManage.java:81)
	at JavaBean.OperateDataBase.OperateDataBase.executeUpdate(OperateDataBase.java:54)
	at JavaBean.ErrorManage.ErrorManage.SaveError(ErrorManage.java:81)
	at JavaBean.OperateDataBase.OperateDataBase.executeUpdate(OperateDataBase.java:54)
	at JavaBean.ErrorManage.ErrorManage.SaveError(ErrorManage.java:81)
	at JavaBean.OperateDataBase.OperateDataBase.executeUpdate(OperateDataBase.java:54)
	at JavaBean.ErrorManage.ErrorManage.SaveError(ErrorManage.java:81)
	at JavaBean.OperateDataBase.OperateDataBase.executeUpdate(OperateDataBase.java:54)
	at JavaBean.ErrorManage.ErrorManage.SaveError(ErrorManage.java:81)
	at JavaBean.OperateDataBase.OperateDataBase.executeUpdate(OperateDataBase.java:54)
	at JavaBean.ErrorManage.ErrorManage.SaveError(ErrorManage.java:81)
	at JavaBean.OperateDataBase.OperateDataBase.executeUpdate(OperateDataBase.java:54)
	at JavaBean.ErrorManage.ErrorManage.SaveError(ErrorManage.java:81)
	at JavaBean.OperateDataBase.OperateDataBase.executeUpdate(OperateDataBase.java:54)
	at JavaBean.ErrorManage.ErrorManage.SaveError(ErrorManage.java:81)
	at JavaBean.OperateDataBase.OperateDataBase.executeUpdate(OperateDataBase.java:54)
	at JavaBean.ErrorManage.ErrorManage.SaveError(ErrorManage.java:81)
	at JavaBean.OperateDataBase.OperateDataBase.executeUpdate(OperateDataBase.java:54)
	at JavaBean.ErrorManage.ErrorManage.SaveError(ErrorManage.java:81)
	at JavaBean.OperateDataBase.OperateDataBase.executeUpdate(OperateDataBase.java:54)
	at JavaBean.ErrorManage.ErrorManage.SaveError(ErrorManage.java:81)
	at JavaBean.OperateDataBase.OperateDataBase.executeUpdate(OperateDataBase.java:54)
	at JavaBean.ErrorManage.ErrorManage.SaveError(ErrorManage.java:81)
	at JavaBean.OperateDataBase.OperateDataBase.executeUpdate(OperateDataBase.java:54)
	at JavaBean.ErrorManage.ErrorManage.SaveError(ErrorManage.java:81)
	at JavaBean.OperateDataBase.OperateDataBase.executeUpdate(OperateDataBase.java:54)
	at JavaBean.ErrorManage.ErrorManage.SaveError(ErrorManage.java:81)
	at JavaBean.OperateDataBase.OperateDataBase.executeUpdate(OperateDataBase.java:54)
	at JavaBean.ErrorManage.ErrorManage.SaveError(ErrorManage.java:81)
	at JavaBean.OperateDataBase.OperateDataBase.executeUpdate(OperateDataBase.java:54)
	at JavaBean.ErrorManage.ErrorManage.SaveError(ErrorManage.java:81)
	at JavaBean.OperateDataBase.OperateDataBase.executeUpdate(OperateDataBase.java:54)
	at JavaBean.ErrorManage.ErrorManage.SaveError(ErrorManage.java:81)
	at JavaBean.OperateDataBase.OperateDataBase.executeUpdate(OperateDataBase.java:54)
	at JavaBean.ErrorManage.ErrorManage.SaveError(ErrorManage.java:81)
	at JavaBean.OperateDataBase.OperateDataBase.executeUpdate(OperateDataBase.java:54)
	at JavaBean.ErrorManage.ErrorManage.SaveError(ErrorManage.java:81)
	at JavaBean.OperateDataBase.OperateDataBase.executeUpdate(OperateDataBase.java:54)
	at JavaBean.ErrorManage.ErrorManage.SaveError(ErrorManage.java:81)
	at JavaBean.OperateDataBase.OperateDataBase.executeUpdate(OperateDataBase.java:54)
	at JavaBean.ErrorManage.ErrorManage.SaveError(ErrorManage.java:81)
	at JavaBean.OperateDataBase.OperateDataBase.executeUpdate(OperateDataBase.java:54)
	at JavaBean.ErrorManage.ErrorManage.SaveError(ErrorManage.java:81)
	at JavaBean.OperateDataBase.OperateDataBase.executeUpdate(OperateDataBase.java:54)
	at JavaBean.ErrorManage.ErrorManage.SaveError(ErrorManage.java:81)
	at JavaBean.OperateDataBase.OperateDataBase.executeUpdate(OperateDataBase.java:54)
	at JavaBean.ErrorManage.ErrorManage.SaveError(ErrorManage.java:81)
	at JavaBean.OperateDataBase.OperateDataBase.executeUpdate(OperateDataBase.java:54)
	at JavaBean.ErrorManage.ErrorManage.SaveError(ErrorManage.java:81)
	at JavaBean.OperateDataBase.OperateDataBase.executeUpdate(OperateDataBase.java:54)
	at JavaBean.ErrorManage.ErrorManage.SaveError(ErrorManage.java:81)
	at JavaBean.OperateDataBase.OperateDataBase.executeUpdate(OperateDataBase.java:54)
	at JavaBean.ErrorManage.ErrorManage.SaveError(ErrorManage.java:81)
	at JavaBean.OperateDataBase.OperateDataBase.executeUpdate(OperateDataBase.java:54)
	at JavaBean.ErrorManage.ErrorManage.SaveError(ErrorManage.java:81)
	at JavaBean.OperateDataBase.OperateDataBase.executeUpdate(OperateDataBase.java:54)
	at JavaBean.ErrorManage.ErrorManage.SaveError(ErrorManage.java:81)
	at JavaBean.OperateDataBase.OperateDataBase.executeUpdate(OperateDataBase.java:54)
	at JavaBean.ErrorManage.ErrorManage.SaveError(ErrorManage.java:81)
	at JavaBean.OperateDataBase.OperateDataBase.executeUpdate(OperateDataBase.java:54)
	at JavaBean.ErrorManage.ErrorManage.SaveError(ErrorManage.java:81)
	at JavaBean.OperateDataBase.OperateDataBase.executeUpdate(OperateDataBase.java:54)
	at JavaBean.ErrorManage.ErrorManage.SaveError(ErrorManage.java:81)
	at JavaBean.OperateDataBase.OperateDataBase.executeUpdate(OperateDataBase.java:54)
	at JavaBean.ErrorManage.ErrorManage.SaveError(ErrorManage.java:81)
	at JavaBean.OperateDataBase.OperateDataBase.executeUpdate(OperateDataBase.java:54)
	at JavaBean.ErrorManage.ErrorManage.SaveError(ErrorManage.java:81)
	at JavaBean.OperateDataBase.OperateDataBase.executeUpdate(OperateDataBase.java:54)
	at JavaBean.ErrorManage.ErrorManage.SaveError(ErrorManage.java:81)
	at JavaBean.OperateDataBase.OperateDataBase.executeUpdate(OperateDataBase.java:54)
	at JavaBean.ErrorManage.ErrorManage.SaveError(ErrorManage.java:81)
	at JavaBean.OperateDataBase.OperateDataBase.executeUpdate(OperateDataBase.java:54)
	at JavaBean.ErrorManage.ErrorManage.SaveError(ErrorManage.java:81)
	at JavaBean.OperateDataBase.OperateDataBase.executeUpdate(OperateDataBase.java:54)
	at JavaBean.ErrorManage.ErrorManage.SaveError(ErrorManage.java:81)
	at JavaBean.OperateDataBase.OperateDataBase.executeUpdate(OperateDataBase.java:54)
	at JavaBean.ErrorManage.ErrorManage.SaveError(ErrorManage.java:81)
	at JavaBean.OperateDataBase.OperateDataBase.executeUpdate(OperateDataBase.java:54)
	at JavaBean.ErrorManage.ErrorManage.SaveError(ErrorManage.java:81)
	at JavaBean.OperateDataBase.OperateDataBase.executeUpdate(OperateDataBase.java:54)
	at JavaBean.ErrorManage.ErrorManage.SaveError(ErrorManage.java:81)
	at JavaBean.OperateDataBase.OperateDataBase.executeUpdate(OperateDataBase.java:54)
	at JavaBean.ErrorManage.ErrorManage.SaveError(ErrorManage.java:81)
	at JavaBean.OperateDataBase.OperateDataBase.executeUpdate(OperateDataBase.java:54)
	at JavaBean.ErrorManage.ErrorManage.SaveError(ErrorManage.java:81)
	at JavaBean.OperateDataBase.OperateDataBase.executeUpdate(OperateDataBase.java:54)
	at JavaBean.ErrorManage.ErrorManage.SaveError(ErrorManage.java:81)
	at JavaBean.OperateDataBase.OperateDataBase.executeUpdate(OperateDataBase.java:54)
	at JavaBean.ErrorManage.ErrorManage.SaveError(ErrorManage.java:81)
	at JavaBean.OperateDataBase.OperateDataBase.executeUpdate(OperateDataBase.java:54)
	at JavaBean.ErrorManage.ErrorManage.SaveError(ErrorManage.java:81)
	at JavaBean.OperateDataBase.OperateDataBase.executeUpdate(OperateDataBase.java:54)
	at JavaBean.ErrorManage.ErrorManage.SaveError(ErrorManage.java:81)
	at JavaBean.OperateDataBase.OperateDataBase.executeUpdate(OperateDataBase.java:54)
	at JavaBean.ErrorManage.ErrorManage.SaveError(ErrorManage.java:81)
	at JavaBean.OperateDataBase.OperateDataBase.executeUpdate(OperateDataBase.java:54)
	at JavaBean.ErrorManage.ErrorManage.SaveError(ErrorManage.java:81)
	at JavaBean.OperateDataBase.OperateDataBase.executeUpdate(OperateDataBase.java:54)
	at JavaBean.ErrorManage.ErrorManage.SaveError(ErrorManage.java:81)
	at JavaBean.OperateDataBase.OperateDataBase.executeUpdate(OperateDataBase.java:54)
	at JavaBean.ErrorManage.ErrorManage.SaveError(ErrorManage.java:81)
	at JavaBean.OperateDataBase.OperateDataBase.executeUpdate(OperateDataBase.java:54)
	at JavaBean.ErrorManage.ErrorManage.SaveError(ErrorManage.java:81)
	at JavaBean.OperateDataBase.OperateDataBase.executeUpdate(OperateDataBase.java:54)
	at JavaBean.ErrorManage.ErrorManage.SaveError(ErrorManage.java:81)
	at JavaBean.OperateDataBase.OperateDataBase.executeUpdate(OperateDataBase.java:54)
	at JavaBean.ErrorManage.ErrorManage.SaveError(ErrorManage.java:81)
	at JavaBean.OperateDataBase.OperateDataBase.executeUpdate(OperateDataBase.java:54)
	at JavaBean.ErrorManage.ErrorManage.SaveError(ErrorManage.java:81)
	at JavaBean.OperateDataBase.OperateDataBase.executeUpdate(OperateDataBase.java:54)
	at JavaBean.ErrorManage.ErrorManage.SaveError(ErrorManage.java:81)
	at JavaBean.OperateDataBase.OperateDataBase.executeUpdate(OperateDataBase.java:54)
	at JavaBean.ErrorManage.ErrorManage.SaveError(ErrorManage.java:81)
	at JavaBean.OperateDataBase.OperateDataBase.executeUpdate(OperateDataBase.java:54)
	at JavaBean.ErrorManage.ErrorManage.SaveError(ErrorManage.java:81)
	at JavaBean.OperateDataBase.OperateDataBase.executeUpdate(OperateDataBase.java:54)
	at JavaBean.ErrorManage.ErrorManage.SaveError(ErrorManage.java:81)
	at JavaBean.OperateDataBase.OperateDataBase.executeUpdate(OperateDataBase.java:54)
	at JavaBean.ErrorManage.ErrorManage.SaveError(ErrorManage.java:81)
	at JavaBean.OperateDataBase.OperateDataBase.executeUpdate(OperateDataBase.java:54)
	at JavaBean.ErrorManage.ErrorManage.SaveError(ErrorManage.java:81)
	at JavaBean.OperateDataBase.OperateDataBase.executeUpdate(OperateDataBase.java:54)
	at JavaBean.ErrorManage.ErrorManage.SaveError(ErrorManage.java:81)
	at JavaBean.OperateDataBase.OperateDataBase.executeUpdate(OperateDataBase.java:54)
	at JavaBean.ErrorManage.ErrorManage.SaveError(ErrorManage.java:81)
	at JavaBean.OperateDataBase.OperateDataBase.executeUpdate(OperateDataBase.java:54)
	at JavaBean.ErrorManage.ErrorManage.SaveError(ErrorManage.java:81)
	at JavaBean.OperateDataBase.OperateDataBase.executeUpdate(OperateDataBase.java:54)
	at JavaBean.ErrorManage.ErrorManage.SaveError(ErrorManage.java:81)
	at JavaBean.OperateDataBase.OperateDataBase.executeUpdate(OperateDataBase.java:54)
	at JavaBean.ErrorManage.ErrorManage.SaveError(ErrorManage.java:81)
	at JavaBean.OperateDataBase.OperateDataBase.executeUpdate(OperateDataBase.java:54)
	at JavaBean.ErrorManage.ErrorManage.SaveError(ErrorManage.java:81)
	at JavaBean.OperateDataBase.OperateDataBase.executeUpdate(OperateDataBase.java:54)
	at JavaBean.ErrorManage.ErrorManage.SaveError(ErrorManage.java:81)
	at JavaBean.OperateDataBase.OperateDataBase.executeUpdate(OperateDataBase.java:54)
	at JavaBean.ErrorManage.ErrorManage.SaveError(ErrorManage.java:81)
	at JavaBean.OperateDataBase.OperateDataBase.executeUpdate(OperateDataBase.java:54)
	at JavaBean.ErrorManage.ErrorManage.SaveError(ErrorManage.java:81)
	at JavaBean.OperateDataBase.OperateDataBase.executeUpdate(OperateDataBase.java:54)
	at JavaBean.ErrorManage.ErrorManage.SaveError(ErrorManage.java:81)
	at JavaBean.OperateDataBase.OperateDataBase.executeUpdate(OperateDataBase.java:54)
	at JavaBean.ErrorManage.ErrorManage.SaveError(ErrorManage.java:81)
	at JavaBean.OperateDataBase.OperateDataBase.executeUpdate(OperateDataBase.java:54)
	at JavaBean.ErrorManage.ErrorManage.SaveError(ErrorManage.java:81)
	at JavaBean.OperateDataBase.OperateDataBase.executeUpdate(OperateDataBase.java:54)
	at JavaBean.ErrorManage.ErrorManage.SaveError(ErrorManage.java:81)
	at JavaBean.OperateDataBase.OperateDataBase.executeUpdate(OperateDataBase.java:54)
	at JavaBean.ErrorManage.ErrorManage.SaveError(ErrorManage.java:81)
	at JavaBean.OperateDataBase.OperateDataBase.executeUpdate(OperateDataBase.java:54)
	at JavaBean.ErrorManage.ErrorManage.SaveError(ErrorManage.java:81)
	at JavaBean.OperateDataBase.OperateDataBase.executeUpdate(OperateDataBase.java:54)
	at JavaBean.ErrorManage.ErrorManage.SaveError(ErrorManage.java:81)

Dynamic libraries:
0x00400000 - 0x00406000 	d:\j2sdk1.4.1\jre\bin\java.exe
0x77F80000 - 0x77FFD000 	C:\WINNT\system32\ntdll.dll
0x796D0000 - 0x79732000 	C:\WINNT\system32\ADVAPI32.dll
0x77E60000 - 0x77F37000 	C:\WINNT\system32\KERNEL32.DLL
0x786F0000 - 0x78761000 	C:\WINNT\system32\RPCRT4.DLL
0x78000000 - 0x78045000 	C:\WINNT\system32\MSVCRT.dll
0x6D330000 - 0x6D45C000 	d:\j2sdk1.4.1\jre\bin\client\jvm.dll
0x77DF0000 - 0x77E55000 	C:\WINNT\system32\USER32.dll
0x77F40000 - 0x77F7E000 	C:\WINNT\system32\GDI32.DLL
0x77530000 - 0x77560000 	C:\WINNT\system32\WINMM.dll
0x75E00000 - 0x75E1A000 	C:\WINNT\system32\IMM32.DLL
0x6D1D0000 - 0x6D1D7000 	d:\j2sdk1.4.1\jre\bin\hpi.dll
0x6D300000 - 0x6D30D000 	d:\j2sdk1.4.1\jre\bin\verify.dll
0x6D210000 - 0x6D229000 	d:\j2sdk1.4.1\jre\bin\java.dll
0x6D320000 - 0x6D32D000 	d:\j2sdk1.4.1\jre\bin\zip.dll
0x6D260000 - 0x6D27C000 	d:\j2sdk1.4.1\jre\bin\jdwp.dll
0x6D160000 - 0x6D166000 	d:\j2sdk1.4.1\jre\bin\dt_shmem.dll
0x6D250000 - 0x6D25B000 	D:\j2sdk1.4.1\jre\bin\JdbcOdbc.dll
0x1F7D0000 - 0x1F804000 	C:\WINNT\system32\ODBC32.dll
0x76AF0000 - 0x76B2E000 	C:\WINNT\system32\comdlg32.dll
0x70BD0000 - 0x70C34000 	C:\WINNT\system32\SHLWAPI.DLL
0x71780000 - 0x7180A000 	C:\WINNT\system32\COMCTL32.DLL
0x78F90000 - 0x791D8000 	C:\WINNT\system32\SHELL32.DLL
0x0EE30000 - 0x0EE46000 	C:\WINNT\system32\odbcint.dll
0x41230000 - 0x412AF000 	C:\WINNT\System32\Sqlsrv32.dll
0x41100000 - 0x4110C000 	C:\WINNT\System32\SQLWOA.dll
0x777E0000 - 0x777E7000 	C:\WINNT\system32\VERSION.dll
0x75950000 - 0x75956000 	C:\WINNT\system32\LZ32.DLL
0x75100000 - 0x7514F000 	C:\WINNT\System32\NETAPI32.dll
0x797B0000 - 0x797BF000 	C:\WINNT\System32\SECUR32.DLL
0x75150000 - 0x75156000 	C:\WINNT\System32\NETRAP.DLL
0x750E0000 - 0x750EF000 	C:\WINNT\System32\SAMLIB.DLL
0x74FB0000 - 0x74FC4000 	C:\WINNT\System32\WS2_32.DLL
0x74FA0000 - 0x74FA8000 	C:\WINNT\System32\WS2HELP.DLL
0x77930000 - 0x7795A000 	C:\WINNT\system32\WLDAP32.DLL
0x77960000 - 0x77984000 	C:\WINNT\System32\DNSAPI.DLL
0x74FD0000 - 0x74FDA000 	C:\WINNT\System32\WSOCK32.DLL
0x77990000 - 0x77A2B000 	C:\WINNT\system32\OLEAUT32.dll
0x77A30000 - 0x77B27000 	C:\WINNT\system32\ole32.dll
0x76940000 - 0x76947000 	C:\WINNT\system32\NDDEAPI.DLL
0x777C0000 - 0x777DE000 	C:\WINNT\system32\WINSPOOL.DRV
0x79B20000 - 0x79B30000 	C:\WINNT\system32\MPR.DLL
0x1F820000 - 0x1F83A000 	C:\WINNT\system32\odbccp32.dll
0x73310000 - 0x73318000 	C:\WINNT\system32\DBNMPNTW.DLL
0x77900000 - 0x77923000 	C:\WINNT\system32\imagehlp.dll
0x72960000 - 0x7298D000 	C:\WINNT\system32\DBGHELP.dll
0x687E0000 - 0x687EB000 	C:\WINNT\system32\PSAPI.DLL

Local Time = Tue Sep 07 13:04:54 2004
Elapsed Time = 150
#
# The exception above was detected in native code outside the VM
#
# Java VM: Java HotSpot(TM) Client VM (1.4.1-b21 mixed mode)
#
